Using pre-set license
Built from '2021.3/staging' branch; Version is '2021.3.6f1 (7da38d85baf6) revision 8233869'; Using compiler version '192829333'; Build Type 'Release'
OS: 'Windows 10  (10.0.17763) 64bit Professional' Language: 'en' Physical Memory: 3986 MB
BatchMode: 1, IsHumanControllingUs: 0, StartBugReporterOnCrash: 0, Is64bit: 1, IsPro: 1

COMMAND LINE ARGUMENTS:
C:\Program Files\Unity\Hub\Editor\2021.3.6f1\Editor\Unity.exe
-adb2
-batchMode
-noUpm
-name
AssetImportWorker1
-projectPath
H:/SourceTreeRepo/Magnets/Magnets
-logFile
Logs/AssetImportWorker1.log
-srvPort
62470
Successfully changed project path to: H:/SourceTreeRepo/Magnets/Magnets
H:/SourceTreeRepo/Magnets/Magnets
[UnityMemory] Configuration Parameters - Can be set up in boot.config
    "memorysetup-bucket-allocator-granularity=16"
    "memorysetup-bucket-allocator-bucket-count=8"
    "memorysetup-bucket-allocator-block-size=33554432"
    "memorysetup-bucket-allocator-block-count=8"
    "memorysetup-main-allocator-block-size=16777216"
    "memorysetup-thread-allocator-block-size=16777216"
    "memorysetup-gfx-main-allocator-block-size=16777216"
    "memorysetup-gfx-thread-allocator-block-size=16777216"
    "memorysetup-cache-allocator-block-size=4194304"
    "memorysetup-typetree-allocator-block-size=2097152"
    "memorysetup-profiler-bucket-allocator-granularity=16"
    "memorysetup-profiler-bucket-allocator-bucket-count=8"
    "memorysetup-profiler-bucket-allocator-block-size=33554432"
    "memorysetup-profiler-bucket-allocator-block-count=8"
    "memorysetup-profiler-allocator-block-size=16777216"
    "memorysetup-profiler-editor-allocator-block-size=1048576"
    "memorysetup-temp-allocator-size-main=16777216"
    "memorysetup-job-temp-allocator-block-size=2097152"
    "memorysetup-job-temp-allocator-block-size-background=1048576"
    "memorysetup-job-temp-allocator-reduction-small-platforms=262144"
    "memorysetup-temp-allocator-size-background-worker=32768"
    "memorysetup-temp-allocator-size-job-worker=262144"
    "memorysetup-temp-allocator-size-preload-manager=33554432"
    "memorysetup-temp-allocator-size-nav-mesh-worker=65536"
    "memorysetup-temp-allocator-size-audio-worker=65536"
    "memorysetup-temp-allocator-size-cloud-worker=32768"
    "memorysetup-temp-allocator-size-gi-baking-worker=262144"
    "memorysetup-temp-allocator-size-gfx=262144"
Refreshing native plugins compatible for Editor in 87.93 ms, found 2 plugins.
Preloading 0 native plugins for Editor in 0.00 ms.
Initialize engine version: 2021.3.6f1 (7da38d85baf6)
[Subsystems] Discovering subsystems at path C:/Program Files/Unity/Hub/Editor/2021.3.6f1/Editor/Data/Resources/UnitySubsystems
[Subsystems] Discovering subsystems at path H:/SourceTreeRepo/Magnets/Magnets/Assets
GfxDevice: creating device client; threaded=0; jobified=0
Direct3D:
    Version:  Direct3D 11.0 [level 11.1]
    Renderer: Intel(R) HD Graphics 520 (ID=0x1916)
    Vendor:   Intel
    VRAM:     1993 MB
    Driver:   21.20.16.4550
Initialize mono
Mono path[0] = 'C:/Program Files/Unity/Hub/Editor/2021.3.6f1/Editor/Data/Managed'
Mono path[1] = 'C:/Program Files/Unity/Hub/Editor/2021.3.6f1/Editor/Data/MonoBleedingEdge/lib/mono/unityjit-win32'
Mono config path = 'C:/Program Files/Unity/Hub/Editor/2021.3.6f1/Editor/Data/MonoBleedingEdge/etc'
Using monoOptions --debugger-agent=transport=dt_socket,embedding=1,server=y,suspend=n,address=127.0.0.1:56600
Begin MonoManager ReloadAssembly
Registering precompiled unity dll's ...
Register platform support module: C:/Program Files/Unity/Hub/Editor/2021.3.6f1/Editor/Data/PlaybackEngines/WindowsStandaloneSupport/UnityEditor.WindowsStandalone.Extensions.dll
Registered in 0.007361 seconds.
Native extension for WindowsStandalone target not found
Refreshing native plugins compatible for Editor in 78.51 ms, found 2 plugins.
Preloading 0 native plugins for Editor in 0.00 ms.
Mono: successfully reloaded assembly
- Completed reload, in  0.874 seconds
Domain Reload Profiling:
	ReloadAssembly (874ms)
		BeginReloadAssembly (108ms)
			ExecutionOrderSort (0ms)
			DisableScriptedObjects (0ms)
			BackupInstance (0ms)
			ReleaseScriptingObjects (0ms)
			CreateAndSetChildDomain (1ms)
		EndReloadAssembly (605ms)
			LoadAssemblies (104ms)
			RebuildTransferFunctionScriptingTraits (0ms)
			SetupTypeCache (151ms)
			ReleaseScriptCaches (0ms)
			RebuildScriptCaches (40ms)
			SetupLoadedEditorAssemblies (341ms)
				LogAssemblyErrors (0ms)
				InitializePlatformSupportModulesInManaged (10ms)
				SetLoadedEditorAssemblies (0ms)
				RefreshPlugins (79ms)
				BeforeProcessingInitializeOnLoad (2ms)
				ProcessInitializeOnLoadAttributes (180ms)
				ProcessInitializeOnLoadMethodAttributes (70ms)
				AfterProcessingInitializeOnLoad (0ms)
				EditorAssembliesLoaded (0ms)
			ExecutionOrderSort2 (0ms)
			AwakeInstancesAfterBackupRestoration (0ms)
Platform modules already initialized, skipping
Registering precompiled user dll's ...
Registered in 0.005646 seconds.
Begin MonoManager ReloadAssembly
Native extension for WindowsStandalone target not found
Refreshing native plugins compatible for Editor in 85.14 ms, found 2 plugins.
Preloading 0 native plugins for Editor in 0.00 ms.
Mono: successfully reloaded assembly
- Completed reload, in  4.152 seconds
Domain Reload Profiling:
	ReloadAssembly (4153ms)
		BeginReloadAssembly (166ms)
			ExecutionOrderSort (0ms)
			DisableScriptedObjects (8ms)
			BackupInstance (0ms)
			ReleaseScriptingObjects (0ms)
			CreateAndSetChildDomain (27ms)
		EndReloadAssembly (3662ms)
			LoadAssemblies (1543ms)
			RebuildTransferFunctionScriptingTraits (0ms)
			SetupTypeCache (333ms)
			ReleaseScriptCaches (1ms)
			RebuildScriptCaches (86ms)
			SetupLoadedEditorAssemblies (1027ms)
				LogAssemblyErrors (0ms)
				InitializePlatformSupportModulesInManaged (15ms)
				SetLoadedEditorAssemblies (0ms)
				RefreshPlugins (85ms)
				BeforeProcessingInitializeOnLoad (123ms)
				ProcessInitializeOnLoadAttributes (658ms)
				ProcessInitializeOnLoadMethodAttributes (132ms)
				AfterProcessingInitializeOnLoad (12ms)
				EditorAssembliesLoaded (0ms)
			ExecutionOrderSort2 (0ms)
			AwakeInstancesAfterBackupRestoration (10ms)
Platform modules already initialized, skipping
========================================================================
Worker process is ready to serve import requests
Launched and connected shader compiler UnityShaderCompiler.exe after 1.67 seconds
Refreshing native plugins compatible for Editor in 3.34 ms, found 2 plugins.
Preloading 0 native plugins for Editor in 0.00 ms.
Unloading 3834 Unused Serialized files (Serialized files now loaded: 0)
Unloading 59 unused Assets / (2.0 MB). Loaded Objects now: 4283.
Memory consumption went from 177.1 MB to 175.1 MB.
Total: 5.296300 ms (FindLiveObjects: 0.425400 ms CreateObjectMapping: 0.369600 ms MarkObjects: 3.868300 ms  DeleteObjects: 0.631200 ms)

AssetImportParameters requested are different than current active one (requested -> active):
  custom:video-decoder-ogg-theora: a1e56fd34408186e4bbccfd4996cb3dc -> 
  custom:container-muxer-webm: aa71ff27fc2769a1b78a27578f13a17b -> 
  custom:container-demuxer-webm: 4f35f7cbe854078d1ac9338744f61a02 -> 
  custom:video-encoder-webm-vp8: eb34c28f22e8b96e1ab97ce403110664 -> 
  custom:video-codec-MediaFoundation-h265: 746d11721c4dcdbdad8f713fa42b33f4 -> 
  custom:audio-encoder-webm-vorbis: bf7c407c2cedff20999df2af8eb42d56 -> 
  custom:framework-win-MediaFoundation: 216162199b28c13a410421893ffa2e32 -> 
  custom:container-demuxer-ogg: 62fdf1f143b41e24485cea50d1cbac27 -> 
  custom:video-decoder-webm-vp8: 9c59270c3fd7afecdb556c50c9e8de78 -> 
  custom:audio-decoder-ogg-vorbis: bf7c407c2cedff20999df2af8eb42d56 -> 
========================================================================
Received Import Request.
  Time since last request: 51344.709411 seconds.
  path: Assets/Sprites/LaserBeam.png
  artifactKey: Guid(85e391a05669aa84a95818f3cc7933a6) Importer(815301076,1909f56bfc062723c751e8b465ee728b)
Start importing Assets/Sprites/LaserBeam.png using Guid(85e391a05669aa84a95818f3cc7933a6) Importer(815301076,1909f56bfc062723c751e8b465ee728b)  -> (artifact id: '6f622dbeb96c03f76ccece8b7d386c19') in 2.203715 seconds 
========================================================================
Received Import Request.
  Time since last request: 0.000053 seconds.
  path: Assets/Sprites/HealthBarFill.png
  artifactKey: Guid(35df266eee8ae6842ba311911a706878) Importer(815301076,1909f56bfc062723c751e8b465ee728b)
Start importing Assets/Sprites/HealthBarFill.png using Guid(35df266eee8ae6842ba311911a706878) Importer(815301076,1909f56bfc062723c751e8b465ee728b)  -> (artifact id: 'b1847289135f0b1ecc71118c7a211b25') in 0.100377 seconds 
========================================================================
Received Import Request.
  Time since last request: 0.000051 seconds.
  path: Assets/Sprites/HealthBarBorder.png
  artifactKey: Guid(791399dbbd4733a448eb4ae6d99188ec) Importer(815301076,1909f56bfc062723c751e8b465ee728b)
Start importing Assets/Sprites/HealthBarBorder.png using Guid(791399dbbd4733a448eb4ae6d99188ec) Importer(815301076,1909f56bfc062723c751e8b465ee728b)  -> (artifact id: '6b97e739030a7f7623a351dc8060e00d') in 0.065752 seconds 
========================================================================
Received Import Request.
  Time since last request: 0.000044 seconds.
  path: Assets/Sprites/PlayerGrey.png
  artifactKey: Guid(e0aab3025b32c4c4bbdb8024657740a1) Importer(815301076,1909f56bfc062723c751e8b465ee728b)
Start importing Assets/Sprites/PlayerGrey.png using Guid(e0aab3025b32c4c4bbdb8024657740a1) Importer(815301076,1909f56bfc062723c751e8b465ee728b)  -> (artifact id: '293780be06e9f265d6f70169a6d8e752') in 0.139122 seconds 
========================================================================
Received Import Request.
  Time since last request: 0.000038 seconds.
  path: Assets/Sprites/HealthBarBorder 1.png
  artifactKey: Guid(cfd0bea34d04f304bb629e3863dd9390) Importer(815301076,1909f56bfc062723c751e8b465ee728b)
Start importing Assets/Sprites/HealthBarBorder 1.png using Guid(cfd0bea34d04f304bb629e3863dd9390) Importer(815301076,1909f56bfc062723c751e8b465ee728b)  -> (artifact id: '44ccdb29b040e2484dd6f35486db7997') in 0.066502 seconds 
========================================================================
Received Import Request.
  Time since last request: 0.000043 seconds.
  path: Assets/Sprites/explosion.png
  artifactKey: Guid(4ec53ba5a853b6c4eb5b1a7d5855f222) Importer(815301076,1909f56bfc062723c751e8b465ee728b)
Start importing Assets/Sprites/explosion.png using Guid(4ec53ba5a853b6c4eb5b1a7d5855f222) Importer(815301076,1909f56bfc062723c751e8b465ee728b)  -> (artifact id: 'd17234d1805827798366b019083bfae7') in 0.058810 seconds 
========================================================================
Received Import Request.
  Time since last request: 0.000033 seconds.
  path: Assets/Sprites/HealthBarBackground.png
  artifactKey: Guid(9a9d755be8ed4b24793836a6cf7d023b) Importer(815301076,1909f56bfc062723c751e8b465ee728b)
Start importing Assets/Sprites/HealthBarBackground.png using Guid(9a9d755be8ed4b24793836a6cf7d023b) Importer(815301076,1909f56bfc062723c751e8b465ee728b)  -> (artifact id: '8b5e53e6337ae4e43b5cd70ae4a8ece1') in 0.046599 seconds 
========================================================================
Received Import Request.
  Time since last request: 0.000031 seconds.
  path: Assets/Sprites/Enemy 1.png
  artifactKey: Guid(b7fb283a671a2ae4c88188d730abe641) Importer(815301076,1909f56bfc062723c751e8b465ee728b)
Start importing Assets/Sprites/Enemy 1.png using Guid(b7fb283a671a2ae4c88188d730abe641) Importer(815301076,1909f56bfc062723c751e8b465ee728b)  -> (artifact id: '796c96d2ae720eb738606f0e48b532bf') in 0.088490 seconds 
========================================================================
Received Prepare
Registering precompiled user dll's ...
Registered in 0.005179 seconds.
Begin MonoManager ReloadAssembly
Native extension for WindowsStandalone target not found
Refreshing native plugins compatible for Editor in 0.91 ms, found 2 plugins.
Preloading 0 native plugins for Editor in 0.00 ms.
Mono: successfully reloaded assembly
- Completed reload, in  2.411 seconds
Domain Reload Profiling:
	ReloadAssembly (2411ms)
		BeginReloadAssembly (219ms)
			ExecutionOrderSort (0ms)
			DisableScriptedObjects (10ms)
			BackupInstance (0ms)
			ReleaseScriptingObjects (0ms)
			CreateAndSetChildDomain (66ms)
		EndReloadAssembly (1985ms)
			LoadAssemblies (150ms)
			RebuildTransferFunctionScriptingTraits (0ms)
			SetupTypeCache (418ms)
			ReleaseScriptCaches (2ms)
			RebuildScriptCaches (87ms)
			SetupLoadedEditorAssemblies (1209ms)
				LogAssemblyErrors (0ms)
				InitializePlatformSupportModulesInManaged (19ms)
				SetLoadedEditorAssemblies (1ms)
				RefreshPlugins (1ms)
				BeforeProcessingInitializeOnLoad (121ms)
				ProcessInitializeOnLoadAttributes (526ms)
				ProcessInitializeOnLoadMethodAttributes (530ms)
				AfterProcessingInitializeOnLoad (10ms)
				EditorAssembliesLoaded (0ms)
			ExecutionOrderSort2 (0ms)
			AwakeInstancesAfterBackupRestoration (17ms)
Platform modules already initialized, skipping
Refreshing native plugins compatible for Editor in 3.76 ms, found 2 plugins.
Preloading 0 native plugins for Editor in 0.00 ms.
Unloading 3681 Unused Serialized files (Serialized files now loaded: 0)
Unloading 36 unused Assets / (2.0 MB). Loaded Objects now: 4305.
Memory consumption went from 170.0 MB to 168.0 MB.
Total: 131.891400 ms (FindLiveObjects: 0.804900 ms CreateObjectMapping: 4.482300 ms MarkObjects: 122.018400 ms  DeleteObjects: 4.583500 ms)

AssetImportParameters requested are different than current active one (requested -> active):
  custom:video-decoder-ogg-theora: a1e56fd34408186e4bbccfd4996cb3dc -> 
  custom:container-muxer-webm: aa71ff27fc2769a1b78a27578f13a17b -> 
  custom:container-demuxer-webm: 4f35f7cbe854078d1ac9338744f61a02 -> 
  custom:video-encoder-webm-vp8: eb34c28f22e8b96e1ab97ce403110664 -> 
  custom:video-codec-MediaFoundation-h265: 746d11721c4dcdbdad8f713fa42b33f4 -> 
  custom:audio-encoder-webm-vorbis: bf7c407c2cedff20999df2af8eb42d56 -> 
  custom:framework-win-MediaFoundation: 216162199b28c13a410421893ffa2e32 -> 
  custom:container-demuxer-ogg: 62fdf1f143b41e24485cea50d1cbac27 -> 
  custom:video-decoder-webm-vp8: 9c59270c3fd7afecdb556c50c9e8de78 -> 
  custom:audio-decoder-ogg-vorbis: bf7c407c2cedff20999df2af8eb42d56 -> 
========================================================================
Received Prepare
Registering precompiled user dll's ...
Registered in 0.005187 seconds.
Begin MonoManager ReloadAssembly
Native extension for WindowsStandalone target not found
Refreshing native plugins compatible for Editor in 38.87 ms, found 2 plugins.
Preloading 0 native plugins for Editor in 0.00 ms.
Mono: successfully reloaded assembly
- Completed reload, in  4.470 seconds
Domain Reload Profiling:
	ReloadAssembly (4473ms)
		BeginReloadAssembly (199ms)
			ExecutionOrderSort (0ms)
			DisableScriptedObjects (9ms)
			BackupInstance (0ms)
			ReleaseScriptingObjects (0ms)
			CreateAndSetChildDomain (62ms)
		EndReloadAssembly (4088ms)
			LoadAssemblies (132ms)
			RebuildTransferFunctionScriptingTraits (0ms)
			SetupTypeCache (439ms)
			ReleaseScriptCaches (2ms)
			RebuildScriptCaches (138ms)
			SetupLoadedEditorAssemblies (2783ms)
				LogAssemblyErrors (0ms)
				InitializePlatformSupportModulesInManaged (122ms)
				SetLoadedEditorAssemblies (4ms)
				RefreshPlugins (39ms)
				BeforeProcessingInitializeOnLoad (265ms)
				ProcessInitializeOnLoadAttributes (1667ms)
				ProcessInitializeOnLoadMethodAttributes (654ms)
				AfterProcessingInitializeOnLoad (32ms)
				EditorAssembliesLoaded (1ms)
			ExecutionOrderSort2 (0ms)
			AwakeInstancesAfterBackupRestoration (51ms)
Platform modules already initialized, skipping
Refreshing native plugins compatible for Editor in 14.93 ms, found 2 plugins.
Preloading 0 native plugins for Editor in 0.00 ms.
Unloading 3681 Unused Serialized files (Serialized files now loaded: 0)
Unloading 36 unused Assets / (2.0 MB). Loaded Objects now: 4320.
Memory consumption went from 170.0 MB to 168.1 MB.
Total: 75.597500 ms (FindLiveObjects: 0.811500 ms CreateObjectMapping: 1.737400 ms MarkObjects: 71.699000 ms  DeleteObjects: 1.347700 ms)

AssetImportParameters requested are different than current active one (requested -> active):
  custom:video-decoder-ogg-theora: a1e56fd34408186e4bbccfd4996cb3dc -> 
  custom:container-muxer-webm: aa71ff27fc2769a1b78a27578f13a17b -> 
  custom:container-demuxer-webm: 4f35f7cbe854078d1ac9338744f61a02 -> 
  custom:video-encoder-webm-vp8: eb34c28f22e8b96e1ab97ce403110664 -> 
  custom:video-codec-MediaFoundation-h265: 746d11721c4dcdbdad8f713fa42b33f4 -> 
  custom:audio-encoder-webm-vorbis: bf7c407c2cedff20999df2af8eb42d56 -> 
  custom:framework-win-MediaFoundation: 216162199b28c13a410421893ffa2e32 -> 
  custom:container-demuxer-ogg: 62fdf1f143b41e24485cea50d1cbac27 -> 
  custom:video-decoder-webm-vp8: 9c59270c3fd7afecdb556c50c9e8de78 -> 
  custom:audio-decoder-ogg-vorbis: bf7c407c2cedff20999df2af8eb42d56 -> 
========================================================================
Received Prepare
Registering precompiled user dll's ...
Registered in 0.009511 seconds.
Begin MonoManager ReloadAssembly
Native extension for WindowsStandalone target not found
Refreshing native plugins compatible for Editor in 1.93 ms, found 2 plugins.
Preloading 0 native plugins for Editor in 0.00 ms.
Mono: successfully reloaded assembly
- Completed reload, in  3.853 seconds
Domain Reload Profiling:
	ReloadAssembly (3855ms)
		BeginReloadAssembly (508ms)
			ExecutionOrderSort (0ms)
			DisableScriptedObjects (34ms)
			BackupInstance (0ms)
			ReleaseScriptingObjects (0ms)
			CreateAndSetChildDomain (193ms)
		EndReloadAssembly (2896ms)
			LoadAssemblies (236ms)
			RebuildTransferFunctionScriptingTraits (0ms)
			SetupTypeCache (1246ms)
			ReleaseScriptCaches (4ms)
			RebuildScriptCaches (101ms)
			SetupLoadedEditorAssemblies (1213ms)
				LogAssemblyErrors (0ms)
				InitializePlatformSupportModulesInManaged (30ms)
				SetLoadedEditorAssemblies (3ms)
				RefreshPlugins (2ms)
				BeforeProcessingInitializeOnLoad (171ms)
				ProcessInitializeOnLoadAttributes (767ms)
				ProcessInitializeOnLoadMethodAttributes (223ms)
				AfterProcessingInitializeOnLoad (16ms)
				EditorAssembliesLoaded (1ms)
			ExecutionOrderSort2 (0ms)
			AwakeInstancesAfterBackupRestoration (17ms)
Platform modules already initialized, skipping
Refreshing native plugins compatible for Editor in 4.34 ms, found 2 plugins.
Preloading 0 native plugins for Editor in 0.00 ms.
Unloading 3681 Unused Serialized files (Serialized files now loaded: 0)
Unloading 36 unused Assets / (2.0 MB). Loaded Objects now: 4335.
Memory consumption went from 170.0 MB to 168.1 MB.
Total: 135.716900 ms (FindLiveObjects: 0.637400 ms CreateObjectMapping: 0.493300 ms MarkObjects: 133.049900 ms  DeleteObjects: 1.533300 ms)

AssetImportParameters requested are different than current active one (requested -> active):
  custom:video-decoder-ogg-theora: a1e56fd34408186e4bbccfd4996cb3dc -> 
  custom:container-muxer-webm: aa71ff27fc2769a1b78a27578f13a17b -> 
  custom:container-demuxer-webm: 4f35f7cbe854078d1ac9338744f61a02 -> 
  custom:video-encoder-webm-vp8: eb34c28f22e8b96e1ab97ce403110664 -> 
  custom:video-codec-MediaFoundation-h265: 746d11721c4dcdbdad8f713fa42b33f4 -> 
  custom:audio-encoder-webm-vorbis: bf7c407c2cedff20999df2af8eb42d56 -> 
  custom:framework-win-MediaFoundation: 216162199b28c13a410421893ffa2e32 -> 
  custom:container-demuxer-ogg: 62fdf1f143b41e24485cea50d1cbac27 -> 
  custom:video-decoder-webm-vp8: 9c59270c3fd7afecdb556c50c9e8de78 -> 
  custom:audio-decoder-ogg-vorbis: bf7c407c2cedff20999df2af8eb42d56 -> 
========================================================================
Received Import Request.
  Time since last request: 2322.901163 seconds.
  path: Assets/Sprites/Enemy 1.png
  artifactKey: Guid(b7fb283a671a2ae4c88188d730abe641) Importer(815301076,1909f56bfc062723c751e8b465ee728b)
Start importing Assets/Sprites/Enemy 1.png using Guid(b7fb283a671a2ae4c88188d730abe641) Importer(815301076,1909f56bfc062723c751e8b465ee728b)  -> (artifact id: 'df40cc94c348a52a40319a089f9fdfe3') in 1.037229 seconds 
========================================================================
Received Import Request.
  Time since last request: 0.005912 seconds.
  path: Assets/Sprites/LaserBeam.png
  artifactKey: Guid(85e391a05669aa84a95818f3cc7933a6) Importer(815301076,1909f56bfc062723c751e8b465ee728b)
Start importing Assets/Sprites/LaserBeam.png using Guid(85e391a05669aa84a95818f3cc7933a6) Importer(815301076,1909f56bfc062723c751e8b465ee728b)  -> (artifact id: '77cb3f772207002acd431802a4e96e89') in 0.041360 seconds 
========================================================================
Received Import Request.
  Time since last request: 0.000053 seconds.
  path: Assets/Sprites/HealthBarFill.png
  artifactKey: Guid(35df266eee8ae6842ba311911a706878) Importer(815301076,1909f56bfc062723c751e8b465ee728b)
Start importing Assets/Sprites/HealthBarFill.png using Guid(35df266eee8ae6842ba311911a706878) Importer(815301076,1909f56bfc062723c751e8b465ee728b)  -> (artifact id: 'fbe2a114c3bffc2b43ea124ecd281864') in 0.032457 seconds 
========================================================================
Received Import Request.
  Time since last request: 0.000067 seconds.
  path: Assets/Sprites/HealthBarBorder.png
  artifactKey: Guid(791399dbbd4733a448eb4ae6d99188ec) Importer(815301076,1909f56bfc062723c751e8b465ee728b)
Start importing Assets/Sprites/HealthBarBorder.png using Guid(791399dbbd4733a448eb4ae6d99188ec) Importer(815301076,1909f56bfc062723c751e8b465ee728b)  -> (artifact id: '5a4ea593e93742b37f17b31629c7008f') in 0.021618 seconds 
========================================================================
Received Import Request.
  Time since last request: 0.000051 seconds.
  path: Assets/Sprites/PlayerGrey.png
  artifactKey: Guid(e0aab3025b32c4c4bbdb8024657740a1) Importer(815301076,1909f56bfc062723c751e8b465ee728b)
Start importing Assets/Sprites/PlayerGrey.png using Guid(e0aab3025b32c4c4bbdb8024657740a1) Importer(815301076,1909f56bfc062723c751e8b465ee728b)  -> (artifact id: '2cd87f793e6d8a04679ce02383ef7c39') in 0.036386 seconds 
========================================================================
Received Import Request.
  Time since last request: 0.000049 seconds.
  path: Assets/Sprites/HealthBarBorder 1.png
  artifactKey: Guid(cfd0bea34d04f304bb629e3863dd9390) Importer(815301076,1909f56bfc062723c751e8b465ee728b)
Start importing Assets/Sprites/HealthBarBorder 1.png using Guid(cfd0bea34d04f304bb629e3863dd9390) Importer(815301076,1909f56bfc062723c751e8b465ee728b)  -> (artifact id: '3657e61938127e439172df197b2ec2be') in 0.255066 seconds 
========================================================================
Received Import Request.
  Time since last request: 0.000067 seconds.
  path: Assets/Sprites/explosion.png
  artifactKey: Guid(4ec53ba5a853b6c4eb5b1a7d5855f222) Importer(815301076,1909f56bfc062723c751e8b465ee728b)
Start importing Assets/Sprites/explosion.png using Guid(4ec53ba5a853b6c4eb5b1a7d5855f222) Importer(815301076,1909f56bfc062723c751e8b465ee728b)  -> (artifact id: 'cbb8d3339bca6427c3bd7055e96fe5dd') in 0.413987 seconds 
========================================================================
Received Import Request.
  Time since last request: 0.000063 seconds.
  path: Assets/Sprites/HealthBarBackground.png
  artifactKey: Guid(9a9d755be8ed4b24793836a6cf7d023b) Importer(815301076,1909f56bfc062723c751e8b465ee728b)
Start importing Assets/Sprites/HealthBarBackground.png using Guid(9a9d755be8ed4b24793836a6cf7d023b) Importer(815301076,1909f56bfc062723c751e8b465ee728b)  -> (artifact id: '0a7be0269d5366200cd74a61709e24b6') in 0.021319 seconds 
========================================================================
Received Prepare
Registering precompiled user dll's ...
Registered in 0.005500 seconds.
Begin MonoManager ReloadAssembly
Native extension for WindowsStandalone target not found
Refreshing native plugins compatible for Editor in 2.34 ms, found 2 plugins.
Preloading 0 native plugins for Editor in 0.00 ms.
Mono: successfully reloaded assembly
- Completed reload, in  5.542 seconds
Domain Reload Profiling:
	ReloadAssembly (5544ms)
		BeginReloadAssembly (259ms)
			ExecutionOrderSort (0ms)
			DisableScriptedObjects (11ms)
			BackupInstance (0ms)
			ReleaseScriptingObjects (0ms)
			CreateAndSetChildDomain (86ms)
		EndReloadAssembly (5097ms)
			LoadAssemblies (150ms)
			RebuildTransferFunctionScriptingTraits (0ms)
			SetupTypeCache (1134ms)
			ReleaseScriptCaches (5ms)
			RebuildScriptCaches (180ms)
			SetupLoadedEditorAssemblies (2973ms)
				LogAssemblyErrors (0ms)
				InitializePlatformSupportModulesInManaged (54ms)
				SetLoadedEditorAssemblies (2ms)
				RefreshPlugins (3ms)
				BeforeProcessingInitializeOnLoad (347ms)
				ProcessInitializeOnLoadAttributes (1989ms)
				ProcessInitializeOnLoadMethodAttributes (541ms)
				AfterProcessingInitializeOnLoad (31ms)
				EditorAssembliesLoaded (6ms)
			ExecutionOrderSort2 (0ms)
			AwakeInstancesAfterBackupRestoration (39ms)
Platform modules already initialized, skipping
Refreshing native plugins compatible for Editor in 5.62 ms, found 2 plugins.
Preloading 0 native plugins for Editor in 0.00 ms.
Unloading 3681 Unused Serialized files (Serialized files now loaded: 0)
Unloading 36 unused Assets / (2.0 MB). Loaded Objects now: 4350.
Memory consumption went from 170.1 MB to 168.1 MB.
Total: 64.112100 ms (FindLiveObjects: 0.561000 ms CreateObjectMapping: 1.638600 ms MarkObjects: 60.718400 ms  DeleteObjects: 1.192100 ms)

AssetImportParameters requested are different than current active one (requested -> active):
  custom:video-decoder-ogg-theora: a1e56fd34408186e4bbccfd4996cb3dc -> 
  custom:container-muxer-webm: aa71ff27fc2769a1b78a27578f13a17b -> 
  custom:container-demuxer-webm: 4f35f7cbe854078d1ac9338744f61a02 -> 
  custom:video-encoder-webm-vp8: eb34c28f22e8b96e1ab97ce403110664 -> 
  custom:video-codec-MediaFoundation-h265: 746d11721c4dcdbdad8f713fa42b33f4 -> 
  custom:audio-encoder-webm-vorbis: bf7c407c2cedff20999df2af8eb42d56 -> 
  custom:framework-win-MediaFoundation: 216162199b28c13a410421893ffa2e32 -> 
  custom:container-demuxer-ogg: 62fdf1f143b41e24485cea50d1cbac27 -> 
  custom:video-decoder-webm-vp8: 9c59270c3fd7afecdb556c50c9e8de78 -> 
  custom:audio-decoder-ogg-vorbis: bf7c407c2cedff20999df2af8eb42d56 -> 
========================================================================
Received Import Request.
  Time since last request: 190.930617 seconds.
  path: Assets/Sprites
  artifactKey: Guid(515d21c71175a4540afc9213952a22db) Importer(815301076,1909f56bfc062723c751e8b465ee728b)
Start importing Assets/Sprites using Guid(515d21c71175a4540afc9213952a22db) Importer(815301076,1909f56bfc062723c751e8b465ee728b)  -> (artifact id: 'ee9d53fc4d378eee7e83ca68385fdc61') in 0.013587 seconds 
========================================================================
Received Import Request.
  Time since last request: 7.010933 seconds.
  path: Assets/Sprites/Health
  artifactKey: Guid(5f788bdad1f65de49acf2f3d5229601a) Importer(815301076,1909f56bfc062723c751e8b465ee728b)
Start importing Assets/Sprites/Health using Guid(5f788bdad1f65de49acf2f3d5229601a) Importer(815301076,1909f56bfc062723c751e8b465ee728b)  -> (artifact id: 'f36dc3e0eebcc33821e8acccc21b235f') in 0.028827 seconds 
========================================================================
Received Import Request.
  Time since last request: 14.786227 seconds.
  path: Assets/Sprites/Entities
  artifactKey: Guid(938780f616ef20a46b4205ec135acc5f) Importer(815301076,1909f56bfc062723c751e8b465ee728b)
Start importing Assets/Sprites/Entities using Guid(938780f616ef20a46b4205ec135acc5f) Importer(815301076,1909f56bfc062723c751e8b465ee728b)  -> (artifact id: '49ef8ac0f3abdafc5eab555b43677595') in 0.003607 seconds 
========================================================================
Received Import Request.
  Time since last request: 6.528879 seconds.
  path: Assets/UniversalRenderPipelineGlobalSettings.asset
  artifactKey: Guid(fbb95f12ecb85bd48b286ad0f4409f89) Importer(815301076,1909f56bfc062723c751e8b465ee728b)
Start importing Assets/UniversalRenderPipelineGlobalSettings.asset using Guid(fbb95f12ecb85bd48b286ad0f4409f89) Importer(815301076,1909f56bfc062723c751e8b465ee728b)  -> (artifact id: 'a21292eec8399b1e9e5fc840fcc91919') in 0.173234 seconds 
========================================================================
Received Import Request.
  Time since last request: 6.279440 seconds.
  path: Assets/Audio
  artifactKey: Guid(c239f135db94acf4ca51fb28906a3ef0) Importer(815301076,1909f56bfc062723c751e8b465ee728b)
Start importing Assets/Audio using Guid(c239f135db94acf4ca51fb28906a3ef0) Importer(815301076,1909f56bfc062723c751e8b465ee728b)  -> (artifact id: '3779e188c9ee0c8b6eccedfbf981fac4') in 0.003008 seconds 
========================================================================
Received Import Request.
  Time since last request: 0.054230 seconds.
  path: Assets/Audio/explosion.wav
  artifactKey: Guid(e9f6f35b121d7f74caa9055b6cef5e40) Importer(815301076,1909f56bfc062723c751e8b465ee728b)
Start importing Assets/Audio/explosion.wav using Guid(e9f6f35b121d7f74caa9055b6cef5e40) Importer(815301076,1909f56bfc062723c751e8b465ee728b)  -> (artifact id: 'b32f03688ba6b938034069366044a883') in 1.600498 seconds 
========================================================================
Received Import Request.
  Time since last request: 0.000044 seconds.
  path: Assets/Audio/music.wav
  artifactKey: Guid(1e5182303fcdc8d48b0c863e677b5e1b) Importer(815301076,1909f56bfc062723c751e8b465ee728b)
Start importing Assets/Audio/music.wav using Guid(1e5182303fcdc8d48b0c863e677b5e1b) Importer(815301076,1909f56bfc062723c751e8b465ee728b)  -> (artifact id: 'f6a402bb563fde13827ae581045dc92a') in 0.034161 seconds 
========================================================================
Received Import Request.
  Time since last request: 0.000061 seconds.
  path: Assets/Audio/shoot.wav
  artifactKey: Guid(acba600cd28183a40aab5c8795ebcabf) Importer(815301076,1909f56bfc062723c751e8b465ee728b)
Start importing Assets/Audio/shoot.wav using Guid(acba600cd28183a40aab5c8795ebcabf) Importer(815301076,1909f56bfc062723c751e8b465ee728b)  -> (artifact id: '2a4470d1d906873c01db661292452509') in 0.223730 seconds 
========================================================================
Received Import Request.
  Time since last request: 0.000061 seconds.
  path: Assets/Audio/lowhealth.wav
  artifactKey: Guid(67937df25ed90254b8814d74a18b2730) Importer(815301076,1909f56bfc062723c751e8b465ee728b)
Start importing Assets/Audio/lowhealth.wav using Guid(67937df25ed90254b8814d74a18b2730) Importer(815301076,1909f56bfc062723c751e8b465ee728b)  -> (artifact id: '86eaab9a6ba05787c6b98c4b131d8523') in 0.044895 seconds 
========================================================================
Received Import Request.
  Time since last request: 0.000073 seconds.
  path: Assets/Audio/GameAudioMixer.mixer
  artifactKey: Guid(a2e9fff1f9110a343a329b761d0610dc) Importer(815301076,1909f56bfc062723c751e8b465ee728b)
Start importing Assets/Audio/GameAudioMixer.mixer using Guid(a2e9fff1f9110a343a329b761d0610dc) Importer(815301076,1909f56bfc062723c751e8b465ee728b)  -> (artifact id: '13466ee963548093b6d5adb817f877f1') in 0.014204 seconds 
========================================================================
Received Import Request.
  Time since last request: 17.147516 seconds.
  path: Assets/Audio/Sounds
  artifactKey: Guid(4ce2134f13a8a7347a947c5cf11fa7e6) Importer(815301076,1909f56bfc062723c751e8b465ee728b)
Start importing Assets/Audio/Sounds using Guid(4ce2134f13a8a7347a947c5cf11fa7e6) Importer(815301076,1909f56bfc062723c751e8b465ee728b)  -> (artifact id: '6b65dce29a8bb7bd6308968b5591d1f8') in 0.004451 seconds 
========================================================================
Received Import Request.
  Time since last request: 10.422128 seconds.
  path: Assets/Scripts
  artifactKey: Guid(5ed277c26ee70754999af89bb2f58283) Importer(815301076,1909f56bfc062723c751e8b465ee728b)
Start importing Assets/Scripts using Guid(5ed277c26ee70754999af89bb2f58283) Importer(815301076,1909f56bfc062723c751e8b465ee728b)  -> (artifact id: '1e619d12236c832dd5b722eed9dafb88') in 0.049372 seconds 
========================================================================
Received Import Request.
  Time since last request: 1.556843 seconds.
  path: Assets/Scripts/GameManager.cs
  artifactKey: Guid(0de103fa4d0db9d41af1712d206fd648) Importer(815301076,1909f56bfc062723c751e8b465ee728b)
Start importing Assets/Scripts/GameManager.cs using Guid(0de103fa4d0db9d41af1712d206fd648) Importer(815301076,1909f56bfc062723c751e8b465ee728b)  -> (artifact id: '4cc387bd72333c9aacc19ccd5c3639c7') in 0.215364 seconds 
========================================================================
Received Import Request.
  Time since last request: 52.324068 seconds.
  path: Assets/Scenes
  artifactKey: Guid(f7de4b7c54b26134695f7e5f39805563) Importer(815301076,1909f56bfc062723c751e8b465ee728b)
Start importing Assets/Scenes using Guid(f7de4b7c54b26134695f7e5f39805563) Importer(815301076,1909f56bfc062723c751e8b465ee728b)  -> (artifact id: '61aa01131edbd9aac75a79bec8cfebb4') in 0.034194 seconds 
========================================================================
Received Import Request.
  Time since last request: 2.709296 seconds.
  path: Assets/Scenes/New Scene.unity
  artifactKey: Guid(3c9687db0e6c5ec4ca68ccce6dbbd8ff) Importer(815301076,1909f56bfc062723c751e8b465ee728b)
Start importing Assets/Scenes/New Scene.unity using Guid(3c9687db0e6c5ec4ca68ccce6dbbd8ff) Importer(815301076,1909f56bfc062723c751e8b465ee728b)  -> (artifact id: 'fa800e00fc0eed95e33a95e469370ab3') in 0.003646 seconds 
========================================================================
Received Import Request.
  Time since last request: 2.807379 seconds.
  path: Assets/Scenes/New Scene
  artifactKey: Guid(489592b7755caba44a77620d258a4b6c) Importer(815301076,1909f56bfc062723c751e8b465ee728b)
Start importing Assets/Scenes/New Scene using Guid(489592b7755caba44a77620d258a4b6c) Importer(815301076,1909f56bfc062723c751e8b465ee728b)  -> (artifact id: '4f682b4c7b9a11d9865ecd274f1fc963') in 0.001767 seconds 
========================================================================
Received Import Request.
  Time since last request: 0.000033 seconds.
  path: Assets/Scenes/New Scene/Bloom Profile.asset
  artifactKey: Guid(66f7317db60661443b5fe22ffd506390) Importer(815301076,1909f56bfc062723c751e8b465ee728b)
Start importing Assets/Scenes/New Scene/Bloom Profile.asset using Guid(66f7317db60661443b5fe22ffd506390) Importer(815301076,1909f56bfc062723c751e8b465ee728b)  -> (artifact id: 'c868295e5c00abff689653574dd603a5') in 0.172487 seconds 
========================================================================
Received Import Request.
  Time since last request: 0.000095 seconds.
  path: Assets/Scenes/New Scene/Global Volume Profile 1.asset
  artifactKey: Guid(d6c6f04bf31fa144aa313fb8ee3d1801) Importer(815301076,1909f56bfc062723c751e8b465ee728b)
Start importing Assets/Scenes/New Scene/Global Volume Profile 1.asset using Guid(d6c6f04bf31fa144aa313fb8ee3d1801) Importer(815301076,1909f56bfc062723c751e8b465ee728b)  -> (artifact id: 'd3b4f3a324c9ef3a36ca521359fc52b1') in 0.022570 seconds 
========================================================================
Received Import Request.
  Time since last request: 0.000068 seconds.
  path: Assets/Scenes/New Scene/Global Volume Profile.asset
  artifactKey: Guid(fe71e0028f41aba42934436742357c5d) Importer(815301076,1909f56bfc062723c751e8b465ee728b)
Start importing Assets/Scenes/New Scene/Global Volume Profile.asset using Guid(fe71e0028f41aba42934436742357c5d) Importer(815301076,1909f56bfc062723c751e8b465ee728b)  -> (artifact id: '240035ecc89e3f7ea367da3358352f07') in 0.011217 seconds 
========================================================================
Received Import Request.
  Time since last request: 33.588671 seconds.
  path: Assets/Scenes/GameScene.unity
  artifactKey: Guid(3c9687db0e6c5ec4ca68ccce6dbbd8ff) Importer(815301076,1909f56bfc062723c751e8b465ee728b)
Start importing Assets/Scenes/GameScene.unity using Guid(3c9687db0e6c5ec4ca68ccce6dbbd8ff) Importer(815301076,1909f56bfc062723c751e8b465ee728b)  -> (artifact id: '5a51bfcbcb37876160ec019fec8ffc4b') in 0.004146 seconds 
========================================================================
Received Import Request.
  Time since last request: 2.822067 seconds.
  path: Assets/Scenes/SampleScene.unity
  artifactKey: Guid(d1c3109bdb54ad54c8a2b2838528e640) Importer(815301076,1909f56bfc062723c751e8b465ee728b)
Start importing Assets/Scenes/SampleScene.unity using Guid(d1c3109bdb54ad54c8a2b2838528e640) Importer(815301076,1909f56bfc062723c751e8b465ee728b)  -> (artifact id: '5bc4c12308925d7b94f62fa9e6791ea9') in 0.277750 seconds 
========================================================================
Received Import Request.
  Time since last request: 25.390688 seconds.
  path: Assets/Prefabs
  artifactKey: Guid(d732ee20e3e453844a4180eb77353390) Importer(815301076,1909f56bfc062723c751e8b465ee728b)
Start importing Assets/Prefabs using Guid(d732ee20e3e453844a4180eb77353390) Importer(815301076,1909f56bfc062723c751e8b465ee728b)  -> (artifact id: 'ca543ac1296b43bf595aa5f31be1f42b') in 0.003907 seconds 
========================================================================
Received Import Request.
  Time since last request: 0.071271 seconds.
  path: Assets/Prefabs/AudioManager.prefab
  artifactKey: Guid(7abe802b1f6fc994fa1bd4465f8acf4a) Importer(815301076,1909f56bfc062723c751e8b465ee728b)
Start importing Assets/Prefabs/AudioManager.prefab using Guid(7abe802b1f6fc994fa1bd4465f8acf4a) Importer(815301076,1909f56bfc062723c751e8b465ee728b)  -> (artifact id: '66973db2adbf6c591cd95600c857cf45') in 0.082866 seconds 
========================================================================
Received Import Request.
  Time since last request: 0.000089 seconds.
  path: Assets/Prefabs/EnemyBot.prefab
  artifactKey: Guid(4af113aa86c5e9146aa85138e6afc9b0) Importer(815301076,1909f56bfc062723c751e8b465ee728b)
Start importing Assets/Prefabs/EnemyBot.prefab using Guid(4af113aa86c5e9146aa85138e6afc9b0) Importer(815301076,1909f56bfc062723c751e8b465ee728b)  -> (artifact id: 'd9e8a44a0febf5b958fdaf01a52e1646') in 0.604474 seconds 
========================================================================
Received Import Request.
  Time since last request: 0.000056 seconds.
  path: Assets/Prefabs/Sparks.prefab
  artifactKey: Guid(49c775129fda6094b8db3b3a8fcc6ede) Importer(815301076,1909f56bfc062723c751e8b465ee728b)
Start importing Assets/Prefabs/Sparks.prefab using Guid(49c775129fda6094b8db3b3a8fcc6ede) Importer(815301076,1909f56bfc062723c751e8b465ee728b)  -> (artifact id: '868aedb03e25e1a698cec326788eb092') in 0.061357 seconds 
========================================================================
Received Import Request.
  Time since last request: 0.000064 seconds.
  path: Assets/Prefabs/Bullet.prefab
  artifactKey: Guid(f0d6d6f9b4f0cab43890719a1abda19e) Importer(815301076,1909f56bfc062723c751e8b465ee728b)
Start importing Assets/Prefabs/Bullet.prefab using Guid(f0d6d6f9b4f0cab43890719a1abda19e) Importer(815301076,1909f56bfc062723c751e8b465ee728b)  -> (artifact id: 'bcadd1e00fa235af1d2d29f55ee38d3c') in 0.041256 seconds 
========================================================================
Received Import Request.
  Time since last request: 0.000033 seconds.
  path: Assets/Prefabs/Explosion.prefab
  artifactKey: Guid(88107f5791ce9fd4290f48bf81eb5eac) Importer(815301076,1909f56bfc062723c751e8b465ee728b)
Start importing Assets/Prefabs/Explosion.prefab using Guid(88107f5791ce9fd4290f48bf81eb5eac) Importer(815301076,1909f56bfc062723c751e8b465ee728b)  -> (artifact id: '8b278d123e50c864898ed66760052304') in 0.042285 seconds 
========================================================================
Received Import Request.
  Time since last request: 0.000301 seconds.
  path: Assets/Prefabs/GameManager.prefab
  artifactKey: Guid(a64e5e0d5c455a040b59be3a1c43c8e4) Importer(815301076,1909f56bfc062723c751e8b465ee728b)
Start importing Assets/Prefabs/GameManager.prefab using Guid(a64e5e0d5c455a040b59be3a1c43c8e4) Importer(815301076,1909f56bfc062723c751e8b465ee728b)  -> (artifact id: '4944f2c9c9b42fb49b7714aeb748a035') in 0.022394 seconds 
========================================================================
Received Import Request.
  Time since last request: 0.000034 seconds.
  path: Assets/Prefabs/Player.prefab
  artifactKey: Guid(7bfae1f1ed70dfb43aa7c5c3b7351070) Importer(815301076,1909f56bfc062723c751e8b465ee728b)
Start importing Assets/Prefabs/Player.prefab using Guid(7bfae1f1ed70dfb43aa7c5c3b7351070) Importer(815301076,1909f56bfc062723c751e8b465ee728b)  -> (artifact id: '02cf1eb49c3d6dae8a98422992b4a91c') in 0.046018 seconds 
========================================================================
Received Import Request.
  Time since last request: 7.223251 seconds.
  path: Assets/Settings
  artifactKey: Guid(0735c275001a2c84dafdb30deced5d8d) Importer(815301076,1909f56bfc062723c751e8b465ee728b)
Start importing Assets/Settings using Guid(0735c275001a2c84dafdb30deced5d8d) Importer(815301076,1909f56bfc062723c751e8b465ee728b)  -> (artifact id: '3571677c4b3339ab56b48ecae5562dee') in 0.032583 seconds 
========================================================================
Received Import Request.
  Time since last request: 0.041836 seconds.
  path: Assets/Settings/New 2D Renderer Data.asset
  artifactKey: Guid(e61b031d30871bf42b57fbf3f1c6d418) Importer(815301076,1909f56bfc062723c751e8b465ee728b)
Start importing Assets/Settings/New 2D Renderer Data.asset using Guid(e61b031d30871bf42b57fbf3f1c6d418) Importer(815301076,1909f56bfc062723c751e8b465ee728b)  -> (artifact id: '44358c39d2f318417fd079eb8f86bd36') in 0.003562 seconds 
========================================================================
Received Import Request.
  Time since last request: 0.000032 seconds.
  path: Assets/Settings/UniversalRenderPipelineAsset.asset
  artifactKey: Guid(7d2f37de84558fa49a12e6509048d41b) Importer(815301076,1909f56bfc062723c751e8b465ee728b)
Start importing Assets/Settings/UniversalRenderPipelineAsset.asset using Guid(7d2f37de84558fa49a12e6509048d41b) Importer(815301076,1909f56bfc062723c751e8b465ee728b)  -> (artifact id: 'ab991f4076e4e4ed0b72a126c18150c5') in 0.003792 seconds 
========================================================================
Received Import Request.
  Time since last request: 0.000044 seconds.
  path: Assets/Settings/UniversalRenderPipelineAsset_Renderer.asset
  artifactKey: Guid(e11722c4bd9b9ef499311211b17c800c) Importer(815301076,1909f56bfc062723c751e8b465ee728b)
Start importing Assets/Settings/UniversalRenderPipelineAsset_Renderer.asset using Guid(e11722c4bd9b9ef499311211b17c800c) Importer(815301076,1909f56bfc062723c751e8b465ee728b)  -> (artifact id: 'fd7565b155ebb34136785223fecb094e') in 0.034761 seconds 
========================================================================
Received Import Request.
  Time since last request: 64.041963 seconds.
  path: Assets/Scenes/New Scene/New Post-processing Profile.asset
  artifactKey: Guid(b7e7479b1018a1a4f92fe8a7320cf1c8) Importer(815301076,1909f56bfc062723c751e8b465ee728b)
Start importing Assets/Scenes/New Scene/New Post-processing Profile.asset using Guid(b7e7479b1018a1a4f92fe8a7320cf1c8) Importer(815301076,1909f56bfc062723c751e8b465ee728b)  -> (artifact id: '3ff72ae20766c6c0a6922fd0c98fd42a') in 0.003969 seconds 
========================================================================
Received Import Request.
  Time since last request: 6.832755 seconds.
  path: Assets/Scenes/New Scene/New Post-processing Profile.asset
  artifactKey: Guid(b7e7479b1018a1a4f92fe8a7320cf1c8) Importer(815301076,1909f56bfc062723c751e8b465ee728b)
Start importing Assets/Scenes/New Scene/New Post-processing Profile.asset using Guid(b7e7479b1018a1a4f92fe8a7320cf1c8) Importer(815301076,1909f56bfc062723c751e8b465ee728b)  -> (artifact id: '6e42e53665ba1bf6cfd9fd4b277d144a') in 0.009002 seconds 
========================================================================
Received Import Request.
  Time since last request: 33.546253 seconds.
  path: Assets/Scenes/New Scene/New GUISkin.guiskin
  artifactKey: Guid(9998ef39a4499de4383e7bd75bd1a91a) Importer(815301076,1909f56bfc062723c751e8b465ee728b)
Start importing Assets/Scenes/New Scene/New GUISkin.guiskin using Guid(9998ef39a4499de4383e7bd75bd1a91a) Importer(815301076,1909f56bfc062723c751e8b465ee728b)  -> (artifact id: 'ad510714b3f5aa2a0c8b582b4ab0d7af') in 0.088610 seconds 
========================================================================
Received Import Request.
  Time since last request: 10.840024 seconds.
  path: Assets/Scenes/New Scene/New Volume Profile.asset
  artifactKey: Guid(2177199ca5f3780419968a6c55579262) Importer(815301076,1909f56bfc062723c751e8b465ee728b)
Start importing Assets/Scenes/New Scene/New Volume Profile.asset using Guid(2177199ca5f3780419968a6c55579262) Importer(815301076,1909f56bfc062723c751e8b465ee728b)  -> (artifact id: 'bcfd2c1e5a79b61b9e4cfce6b9b3ba0c') in 0.002085 seconds 
========================================================================
Received Import Request.
  Time since last request: 9.628054 seconds.
  path: Assets/Scenes/New Scene/New Volume Profile.asset
  artifactKey: Guid(2177199ca5f3780419968a6c55579262) Importer(815301076,1909f56bfc062723c751e8b465ee728b)
Start importing Assets/Scenes/New Scene/New Volume Profile.asset using Guid(2177199ca5f3780419968a6c55579262) Importer(815301076,1909f56bfc062723c751e8b465ee728b)  -> (artifact id: 'd913acf7ffefc9ab19d37935d910a676') in 0.005122 seconds 
========================================================================
Received Import Request.
  Time since last request: 219.633634 seconds.
  path: Assets/Scenes/MainMenu.unity
  artifactKey: Guid(acf22858e4c7e734bbc919fb6a75fac3) Importer(815301076,1909f56bfc062723c751e8b465ee728b)
Start importing Assets/Scenes/MainMenu.unity using Guid(acf22858e4c7e734bbc919fb6a75fac3) Importer(815301076,1909f56bfc062723c751e8b465ee728b)  -> (artifact id: 'a26c44db1c72b1272fac1a19e3da6815') in 0.001979 seconds 
========================================================================
Received Import Request.
  Time since last request: 109.748198 seconds.
  path: Assets/Scenes/GameScene.unity
  artifactKey: Guid(3c9687db0e6c5ec4ca68ccce6dbbd8ff) Importer(815301076,1909f56bfc062723c751e8b465ee728b)
Start importing Assets/Scenes/GameScene.unity using Guid(3c9687db0e6c5ec4ca68ccce6dbbd8ff) Importer(815301076,1909f56bfc062723c751e8b465ee728b)  -> (artifact id: '40184eff0caa2daaf7fad268bd2e5f86') in 0.003995 seconds 
========================================================================
Received Prepare
Registering precompiled user dll's ...
Registered in 0.005484 seconds.
Begin MonoManager ReloadAssembly
Native extension for WindowsStandalone target not found
Refreshing native plugins compatible for Editor in 2.87 ms, found 2 plugins.
Preloading 0 native plugins for Editor in 0.00 ms.
Mono: successfully reloaded assembly
- Completed reload, in  1.865 seconds
Domain Reload Profiling:
	ReloadAssembly (1866ms)
		BeginReloadAssembly (201ms)
			ExecutionOrderSort (0ms)
			DisableScriptedObjects (13ms)
			BackupInstance (0ms)
			ReleaseScriptingObjects (0ms)
			CreateAndSetChildDomain (59ms)
		EndReloadAssembly (1499ms)
			LoadAssemblies (125ms)
			RebuildTransferFunctionScriptingTraits (0ms)
			SetupTypeCache (429ms)
			ReleaseScriptCaches (2ms)
			RebuildScriptCaches (89ms)
			SetupLoadedEditorAssemblies (713ms)
				LogAssemblyErrors (0ms)
				InitializePlatformSupportModulesInManaged (37ms)
				SetLoadedEditorAssemblies (1ms)
				RefreshPlugins (3ms)
				BeforeProcessingInitializeOnLoad (144ms)
				ProcessInitializeOnLoadAttributes (361ms)
				ProcessInitializeOnLoadMethodAttributes (158ms)
				AfterProcessingInitializeOnLoad (10ms)
				EditorAssembliesLoaded (0ms)
			ExecutionOrderSort2 (0ms)
			AwakeInstancesAfterBackupRestoration (17ms)
Platform modules already initialized, skipping
Refreshing native plugins compatible for Editor in 4.07 ms, found 2 plugins.
Preloading 0 native plugins for Editor in 0.00 ms.
Unloading 3690 Unused Serialized files (Serialized files now loaded: 0)
Unloading 38 unused Assets / (2.0 MB). Loaded Objects now: 4417.
Memory consumption went from 173.3 MB to 171.3 MB.
Total: 39.743600 ms (FindLiveObjects: 0.846000 ms CreateObjectMapping: 0.473900 ms MarkObjects: 36.715500 ms  DeleteObjects: 1.706100 ms)

AssetImportParameters requested are different than current active one (requested -> active):
  custom:video-decoder-ogg-theora: a1e56fd34408186e4bbccfd4996cb3dc -> 
  custom:container-muxer-webm: aa71ff27fc2769a1b78a27578f13a17b -> 
  custom:container-demuxer-webm: 4f35f7cbe854078d1ac9338744f61a02 -> 
  custom:video-encoder-webm-vp8: eb34c28f22e8b96e1ab97ce403110664 -> 
  custom:video-codec-MediaFoundation-h265: 746d11721c4dcdbdad8f713fa42b33f4 -> 
  custom:audio-encoder-webm-vorbis: bf7c407c2cedff20999df2af8eb42d56 -> 
  custom:framework-win-MediaFoundation: 216162199b28c13a410421893ffa2e32 -> 
  custom:container-demuxer-ogg: 62fdf1f143b41e24485cea50d1cbac27 -> 
  custom:video-decoder-webm-vp8: 9c59270c3fd7afecdb556c50c9e8de78 -> 
  custom:audio-decoder-ogg-vorbis: bf7c407c2cedff20999df2af8eb42d56 -> 
========================================================================
Received Prepare
Registering precompiled user dll's ...
Registered in 0.005177 seconds.
Begin MonoManager ReloadAssembly
Native extension for WindowsStandalone target not found
Refreshing native plugins compatible for Editor in 0.95 ms, found 2 plugins.
Preloading 0 native plugins for Editor in 0.00 ms.
Mono: successfully reloaded assembly
- Completed reload, in  1.824 seconds
Domain Reload Profiling:
	ReloadAssembly (1824ms)
		BeginReloadAssembly (224ms)
			ExecutionOrderSort (0ms)
			DisableScriptedObjects (9ms)
			BackupInstance (0ms)
			ReleaseScriptingObjects (0ms)
			CreateAndSetChildDomain (63ms)
		EndReloadAssembly (1422ms)
			LoadAssemblies (155ms)
			RebuildTransferFunctionScriptingTraits (0ms)
			SetupTypeCache (398ms)
			ReleaseScriptCaches (2ms)
			RebuildScriptCaches (136ms)
			SetupLoadedEditorAssemblies (644ms)
				LogAssemblyErrors (0ms)
				InitializePlatformSupportModulesInManaged (17ms)
				SetLoadedEditorAssemblies (1ms)
				RefreshPlugins (1ms)
				BeforeProcessingInitializeOnLoad (99ms)
				ProcessInitializeOnLoadAttributes (362ms)
				ProcessInitializeOnLoadMethodAttributes (147ms)
				AfterProcessingInitializeOnLoad (16ms)
				EditorAssembliesLoaded (0ms)
			ExecutionOrderSort2 (0ms)
			AwakeInstancesAfterBackupRestoration (18ms)
Platform modules already initialized, skipping
Refreshing native plugins compatible for Editor in 33.90 ms, found 2 plugins.
Preloading 0 native plugins for Editor in 0.00 ms.
Unloading 3689 Unused Serialized files (Serialized files now loaded: 0)
Unloading 36 unused Assets / (2.0 MB). Loaded Objects now: 4432.
Memory consumption went from 173.3 MB to 171.3 MB.
Total: 8.818000 ms (FindLiveObjects: 0.529400 ms CreateObjectMapping: 0.491500 ms MarkObjects: 6.827100 ms  DeleteObjects: 0.967200 ms)

AssetImportParameters requested are different than current active one (requested -> active):
  custom:video-decoder-ogg-theora: a1e56fd34408186e4bbccfd4996cb3dc -> 
  custom:container-muxer-webm: aa71ff27fc2769a1b78a27578f13a17b -> 
  custom:container-demuxer-webm: 4f35f7cbe854078d1ac9338744f61a02 -> 
  custom:video-encoder-webm-vp8: eb34c28f22e8b96e1ab97ce403110664 -> 
  custom:video-codec-MediaFoundation-h265: 746d11721c4dcdbdad8f713fa42b33f4 -> 
  custom:audio-encoder-webm-vorbis: bf7c407c2cedff20999df2af8eb42d56 -> 
  custom:framework-win-MediaFoundation: 216162199b28c13a410421893ffa2e32 -> 
  custom:container-demuxer-ogg: 62fdf1f143b41e24485cea50d1cbac27 -> 
  custom:video-decoder-webm-vp8: 9c59270c3fd7afecdb556c50c9e8de78 -> 
  custom:audio-decoder-ogg-vorbis: bf7c407c2cedff20999df2af8eb42d56 -> 
========================================================================
Received Prepare
Registering precompiled user dll's ...
Registered in 0.096879 seconds.
Begin MonoManager ReloadAssembly
Native extension for WindowsStandalone target not found
Refreshing native plugins compatible for Editor in 2.86 ms, found 2 plugins.
Preloading 0 native plugins for Editor in 0.00 ms.
Mono: successfully reloaded assembly
- Completed reload, in 71.500 seconds
Domain Reload Profiling:
	ReloadAssembly (71575ms)
		BeginReloadAssembly (48874ms)
			ExecutionOrderSort (0ms)
			DisableScriptedObjects (7436ms)
			BackupInstance (0ms)
			ReleaseScriptingObjects (30ms)
			CreateAndSetChildDomain (22717ms)
		EndReloadAssembly (21490ms)
			LoadAssemblies (3343ms)
			RebuildTransferFunctionScriptingTraits (0ms)
			SetupTypeCache (6123ms)
			ReleaseScriptCaches (332ms)
			RebuildScriptCaches (675ms)
			SetupLoadedEditorAssemblies (9826ms)
				LogAssemblyErrors (0ms)
				InitializePlatformSupportModulesInManaged (359ms)
				SetLoadedEditorAssemblies (117ms)
				RefreshPlugins (3ms)
				BeforeProcessingInitializeOnLoad (1177ms)
				ProcessInitializeOnLoadAttributes (6424ms)
				ProcessInitializeOnLoadMethodAttributes (1686ms)
				AfterProcessingInitializeOnLoad (10ms)
				EditorAssembliesLoaded (50ms)
			ExecutionOrderSort2 (0ms)
			AwakeInstancesAfterBackupRestoration (34ms)
Platform modules already initialized, skipping
Refreshing native plugins compatible for Editor in 4.09 ms, found 2 plugins.
Preloading 0 native plugins for Editor in 0.00 ms.
Unloading 3689 Unused Serialized files (Serialized files now loaded: 0)
Unloading 36 unused Assets / (2.0 MB). Loaded Objects now: 4447.
Memory consumption went from 173.3 MB to 171.3 MB.
Total: 174.402400 ms (FindLiveObjects: 0.771100 ms CreateObjectMapping: 0.741600 ms MarkObjects: 142.104700 ms  DeleteObjects: 30.780800 ms)

AssetImportParameters requested are different than current active one (requested -> active):
  custom:video-decoder-ogg-theora: a1e56fd34408186e4bbccfd4996cb3dc -> 
  custom:container-muxer-webm: aa71ff27fc2769a1b78a27578f13a17b -> 
  custom:container-demuxer-webm: 4f35f7cbe854078d1ac9338744f61a02 -> 
  custom:video-encoder-webm-vp8: eb34c28f22e8b96e1ab97ce403110664 -> 
  custom:video-codec-MediaFoundation-h265: 746d11721c4dcdbdad8f713fa42b33f4 -> 
  custom:audio-encoder-webm-vorbis: bf7c407c2cedff20999df2af8eb42d56 -> 
  custom:framework-win-MediaFoundation: 216162199b28c13a410421893ffa2e32 -> 
  custom:container-demuxer-ogg: 62fdf1f143b41e24485cea50d1cbac27 -> 
  custom:video-decoder-webm-vp8: 9c59270c3fd7afecdb556c50c9e8de78 -> 
  custom:audio-decoder-ogg-vorbis: bf7c407c2cedff20999df2af8eb42d56 -> 
========================================================================
Received Prepare
Registering precompiled user dll's ...
Registered in 0.020922 seconds.
Begin MonoManager ReloadAssembly
Native extension for WindowsStandalone target not found
Refreshing native plugins compatible for Editor in 2.71 ms, found 2 plugins.
Preloading 0 native plugins for Editor in 0.00 ms.
Mono: successfully reloaded assembly
- Completed reload, in 10.179 seconds
Domain Reload Profiling:
	ReloadAssembly (10181ms)
		BeginReloadAssembly (1138ms)
			ExecutionOrderSort (0ms)
			DisableScriptedObjects (9ms)
			BackupInstance (0ms)
			ReleaseScriptingObjects (0ms)
			CreateAndSetChildDomain (131ms)
		EndReloadAssembly (8827ms)
			LoadAssemblies (1093ms)
			RebuildTransferFunctionScriptingTraits (0ms)
			SetupTypeCache (1787ms)
			ReleaseScriptCaches (11ms)
			RebuildScriptCaches (481ms)
			SetupLoadedEditorAssemblies (4815ms)
				LogAssemblyErrors (0ms)
				InitializePlatformSupportModulesInManaged (77ms)
				SetLoadedEditorAssemblies (3ms)
				RefreshPlugins (4ms)
				BeforeProcessingInitializeOnLoad (496ms)
				ProcessInitializeOnLoadAttributes (3312ms)
				ProcessInitializeOnLoadMethodAttributes (886ms)
				AfterProcessingInitializeOnLoad (37ms)
				EditorAssembliesLoaded (1ms)
			ExecutionOrderSort2 (0ms)
			AwakeInstancesAfterBackupRestoration (137ms)
Platform modules already initialized, skipping
Refreshing native plugins compatible for Editor in 9.81 ms, found 2 plugins.
Preloading 0 native plugins for Editor in 0.00 ms.
Unloading 3689 Unused Serialized files (Serialized files now loaded: 0)
Unloading 36 unused Assets / (2.0 MB). Loaded Objects now: 4462.
Memory consumption went from 173.3 MB to 171.3 MB.
Total: 25.878500 ms (FindLiveObjects: 0.518800 ms CreateObjectMapping: 0.577900 ms MarkObjects: 23.630900 ms  DeleteObjects: 1.148700 ms)

AssetImportParameters requested are different than current active one (requested -> active):
  custom:video-decoder-ogg-theora: a1e56fd34408186e4bbccfd4996cb3dc -> 
  custom:container-muxer-webm: aa71ff27fc2769a1b78a27578f13a17b -> 
  custom:container-demuxer-webm: 4f35f7cbe854078d1ac9338744f61a02 -> 
  custom:video-encoder-webm-vp8: eb34c28f22e8b96e1ab97ce403110664 -> 
  custom:video-codec-MediaFoundation-h265: 746d11721c4dcdbdad8f713fa42b33f4 -> 
  custom:audio-encoder-webm-vorbis: bf7c407c2cedff20999df2af8eb42d56 -> 
  custom:framework-win-MediaFoundation: 216162199b28c13a410421893ffa2e32 -> 
  custom:container-demuxer-ogg: 62fdf1f143b41e24485cea50d1cbac27 -> 
  custom:video-decoder-webm-vp8: 9c59270c3fd7afecdb556c50c9e8de78 -> 
  custom:audio-decoder-ogg-vorbis: bf7c407c2cedff20999df2af8eb42d56 -> 
========================================================================
Received Prepare
Registering precompiled user dll's ...
Registered in 0.005337 seconds.
Begin MonoManager ReloadAssembly
Native extension for WindowsStandalone target not found
Refreshing native plugins compatible for Editor in 2.60 ms, found 2 plugins.
Preloading 0 native plugins for Editor in 0.00 ms.
Mono: successfully reloaded assembly
- Completed reload, in  7.618 seconds
Domain Reload Profiling:
	ReloadAssembly (7624ms)
		BeginReloadAssembly (740ms)
			ExecutionOrderSort (0ms)
			DisableScriptedObjects (47ms)
			BackupInstance (0ms)
			ReleaseScriptingObjects (0ms)
			CreateAndSetChildDomain (207ms)
		EndReloadAssembly (6047ms)
			LoadAssemblies (579ms)
			RebuildTransferFunctionScriptingTraits (0ms)
			SetupTypeCache (1577ms)
			ReleaseScriptCaches (5ms)
			RebuildScriptCaches (378ms)
			SetupLoadedEditorAssemblies (2927ms)
				LogAssemblyErrors (0ms)
				InitializePlatformSupportModulesInManaged (76ms)
				SetLoadedEditorAssemblies (2ms)
				RefreshPlugins (3ms)
				BeforeProcessingInitializeOnLoad (419ms)
				ProcessInitializeOnLoadAttributes (1812ms)
				ProcessInitializeOnLoadMethodAttributes (541ms)
				AfterProcessingInitializeOnLoad (70ms)
				EditorAssembliesLoaded (3ms)
			ExecutionOrderSort2 (0ms)
			AwakeInstancesAfterBackupRestoration (93ms)
Platform modules already initialized, skipping
Refreshing native plugins compatible for Editor in 4.43 ms, found 2 plugins.
Preloading 0 native plugins for Editor in 0.00 ms.
Unloading 3689 Unused Serialized files (Serialized files now loaded: 0)
Unloading 36 unused Assets / (2.0 MB). Loaded Objects now: 4477.
Memory consumption went from 173.3 MB to 171.3 MB.
Total: 23.828100 ms (FindLiveObjects: 1.740400 ms CreateObjectMapping: 1.923900 ms MarkObjects: 17.931600 ms  DeleteObjects: 2.227700 ms)

AssetImportParameters requested are different than current active one (requested -> active):
  custom:video-decoder-ogg-theora: a1e56fd34408186e4bbccfd4996cb3dc -> 
  custom:container-muxer-webm: aa71ff27fc2769a1b78a27578f13a17b -> 
  custom:container-demuxer-webm: 4f35f7cbe854078d1ac9338744f61a02 -> 
  custom:video-encoder-webm-vp8: eb34c28f22e8b96e1ab97ce403110664 -> 
  custom:video-codec-MediaFoundation-h265: 746d11721c4dcdbdad8f713fa42b33f4 -> 
  custom:audio-encoder-webm-vorbis: bf7c407c2cedff20999df2af8eb42d56 -> 
  custom:framework-win-MediaFoundation: 216162199b28c13a410421893ffa2e32 -> 
  custom:container-demuxer-ogg: 62fdf1f143b41e24485cea50d1cbac27 -> 
  custom:video-decoder-webm-vp8: 9c59270c3fd7afecdb556c50c9e8de78 -> 
  custom:audio-decoder-ogg-vorbis: bf7c407c2cedff20999df2af8eb42d56 -> 
========================================================================
Received Prepare
Registering precompiled user dll's ...
Registered in 0.005948 seconds.
Begin MonoManager ReloadAssembly
Native extension for WindowsStandalone target not found
Refreshing native plugins compatible for Editor in 3.12 ms, found 2 plugins.
Preloading 0 native plugins for Editor in 0.00 ms.
Mono: successfully reloaded assembly
- Completed reload, in  6.092 seconds
Domain Reload Profiling:
	ReloadAssembly (6097ms)
		BeginReloadAssembly (396ms)
			ExecutionOrderSort (0ms)
			DisableScriptedObjects (17ms)
			BackupInstance (0ms)
			ReleaseScriptingObjects (0ms)
			CreateAndSetChildDomain (139ms)
		EndReloadAssembly (5524ms)
			LoadAssemblies (227ms)
			RebuildTransferFunctionScriptingTraits (0ms)
			SetupTypeCache (1755ms)
			ReleaseScriptCaches (8ms)
			RebuildScriptCaches (444ms)
			SetupLoadedEditorAssemblies (2489ms)
				LogAssemblyErrors (0ms)
				InitializePlatformSupportModulesInManaged (82ms)
				SetLoadedEditorAssemblies (3ms)
				RefreshPlugins (4ms)
				BeforeProcessingInitializeOnLoad (331ms)
				ProcessInitializeOnLoadAttributes (1477ms)
				ProcessInitializeOnLoadMethodAttributes (549ms)
				AfterProcessingInitializeOnLoad (44ms)
				EditorAssembliesLoaded (0ms)
			ExecutionOrderSort2 (0ms)
			AwakeInstancesAfterBackupRestoration (44ms)
Platform modules already initialized, skipping
Refreshing native plugins compatible for Editor in 3.83 ms, found 2 plugins.
Preloading 0 native plugins for Editor in 0.00 ms.
Unloading 3689 Unused Serialized files (Serialized files now loaded: 0)
Unloading 36 unused Assets / (2.0 MB). Loaded Objects now: 4492.
Memory consumption went from 173.3 MB to 171.4 MB.
Total: 11.676200 ms (FindLiveObjects: 0.847100 ms CreateObjectMapping: 0.565100 ms MarkObjects: 7.795300 ms  DeleteObjects: 2.466600 ms)

AssetImportParameters requested are different than current active one (requested -> active):
  custom:video-decoder-ogg-theora: a1e56fd34408186e4bbccfd4996cb3dc -> 
  custom:container-muxer-webm: aa71ff27fc2769a1b78a27578f13a17b -> 
  custom:container-demuxer-webm: 4f35f7cbe854078d1ac9338744f61a02 -> 
  custom:video-encoder-webm-vp8: eb34c28f22e8b96e1ab97ce403110664 -> 
  custom:video-codec-MediaFoundation-h265: 746d11721c4dcdbdad8f713fa42b33f4 -> 
  custom:audio-encoder-webm-vorbis: bf7c407c2cedff20999df2af8eb42d56 -> 
  custom:framework-win-MediaFoundation: 216162199b28c13a410421893ffa2e32 -> 
  custom:container-demuxer-ogg: 62fdf1f143b41e24485cea50d1cbac27 -> 
  custom:video-decoder-webm-vp8: 9c59270c3fd7afecdb556c50c9e8de78 -> 
  custom:audio-decoder-ogg-vorbis: bf7c407c2cedff20999df2af8eb42d56 -> 
========================================================================
Received Prepare
Registering precompiled user dll's ...
Registered in 0.007452 seconds.
Begin MonoManager ReloadAssembly
Native extension for WindowsStandalone target not found
Refreshing native plugins compatible for Editor in 1.07 ms, found 2 plugins.
Preloading 0 native plugins for Editor in 0.00 ms.
Mono: successfully reloaded assembly
- Completed reload, in  3.984 seconds
Domain Reload Profiling:
	ReloadAssembly (3985ms)
		BeginReloadAssembly (356ms)
			ExecutionOrderSort (0ms)
			DisableScriptedObjects (36ms)
			BackupInstance (0ms)
			ReleaseScriptingObjects (0ms)
			CreateAndSetChildDomain (56ms)
		EndReloadAssembly (2953ms)
			LoadAssemblies (373ms)
			RebuildTransferFunctionScriptingTraits (0ms)
			SetupTypeCache (1678ms)
			ReleaseScriptCaches (3ms)
			RebuildScriptCaches (69ms)
			SetupLoadedEditorAssemblies (783ms)
				LogAssemblyErrors (0ms)
				InitializePlatformSupportModulesInManaged (23ms)
				SetLoadedEditorAssemblies (1ms)
				RefreshPlugins (1ms)
				BeforeProcessingInitializeOnLoad (101ms)
				ProcessInitializeOnLoadAttributes (453ms)
				ProcessInitializeOnLoadMethodAttributes (195ms)
				AfterProcessingInitializeOnLoad (10ms)
				EditorAssembliesLoaded (0ms)
			ExecutionOrderSort2 (0ms)
			AwakeInstancesAfterBackupRestoration (23ms)
Platform modules already initialized, skipping
Refreshing native plugins compatible for Editor in 4.01 ms, found 2 plugins.
Preloading 0 native plugins for Editor in 0.00 ms.
Unloading 3689 Unused Serialized files (Serialized files now loaded: 0)
Unloading 36 unused Assets / (2.0 MB). Loaded Objects now: 4507.
Memory consumption went from 173.3 MB to 171.4 MB.
Total: 14.022700 ms (FindLiveObjects: 0.767800 ms CreateObjectMapping: 0.568900 ms MarkObjects: 11.669500 ms  DeleteObjects: 1.014800 ms)

AssetImportParameters requested are different than current active one (requested -> active):
  custom:video-decoder-ogg-theora: a1e56fd34408186e4bbccfd4996cb3dc -> 
  custom:container-muxer-webm: aa71ff27fc2769a1b78a27578f13a17b -> 
  custom:container-demuxer-webm: 4f35f7cbe854078d1ac9338744f61a02 -> 
  custom:video-encoder-webm-vp8: eb34c28f22e8b96e1ab97ce403110664 -> 
  custom:video-codec-MediaFoundation-h265: 746d11721c4dcdbdad8f713fa42b33f4 -> 
  custom:audio-encoder-webm-vorbis: bf7c407c2cedff20999df2af8eb42d56 -> 
  custom:framework-win-MediaFoundation: 216162199b28c13a410421893ffa2e32 -> 
  custom:container-demuxer-ogg: 62fdf1f143b41e24485cea50d1cbac27 -> 
  custom:video-decoder-webm-vp8: 9c59270c3fd7afecdb556c50c9e8de78 -> 
  custom:audio-decoder-ogg-vorbis: bf7c407c2cedff20999df2af8eb42d56 -> 
========================================================================
Received Prepare
Registering precompiled user dll's ...
Registered in 0.005595 seconds.
Begin MonoManager ReloadAssembly
Native extension for WindowsStandalone target not found
Refreshing native plugins compatible for Editor in 4.30 ms, found 2 plugins.
Preloading 0 native plugins for Editor in 0.00 ms.
Mono: successfully reloaded assembly
- Completed reload, in  6.446 seconds
Domain Reload Profiling:
	ReloadAssembly (6451ms)
		BeginReloadAssembly (218ms)
			ExecutionOrderSort (0ms)
			DisableScriptedObjects (11ms)
			BackupInstance (0ms)
			ReleaseScriptingObjects (0ms)
			CreateAndSetChildDomain (66ms)
		EndReloadAssembly (6043ms)
			LoadAssemblies (142ms)
			RebuildTransferFunctionScriptingTraits (0ms)
			SetupTypeCache (1045ms)
			ReleaseScriptCaches (7ms)
			RebuildScriptCaches (390ms)
			SetupLoadedEditorAssemblies (3749ms)
				LogAssemblyErrors (0ms)
				InitializePlatformSupportModulesInManaged (88ms)
				SetLoadedEditorAssemblies (1ms)
				RefreshPlugins (5ms)
				BeforeProcessingInitializeOnLoad (385ms)
				ProcessInitializeOnLoadAttributes (2478ms)
				ProcessInitializeOnLoadMethodAttributes (755ms)
				AfterProcessingInitializeOnLoad (37ms)
				EditorAssembliesLoaded (1ms)
			ExecutionOrderSort2 (0ms)
			AwakeInstancesAfterBackupRestoration (83ms)
Platform modules already initialized, skipping
Refreshing native plugins compatible for Editor in 3.05 ms, found 2 plugins.
Preloading 0 native plugins for Editor in 0.00 ms.
Unloading 3689 Unused Serialized files (Serialized files now loaded: 0)
Unloading 36 unused Assets / (2.0 MB). Loaded Objects now: 4522.
Memory consumption went from 173.4 MB to 171.4 MB.
Total: 34.884300 ms (FindLiveObjects: 0.598900 ms CreateObjectMapping: 0.607500 ms MarkObjects: 21.877500 ms  DeleteObjects: 11.798200 ms)

AssetImportParameters requested are different than current active one (requested -> active):
  custom:video-decoder-ogg-theora: a1e56fd34408186e4bbccfd4996cb3dc -> 
  custom:container-muxer-webm: aa71ff27fc2769a1b78a27578f13a17b -> 
  custom:container-demuxer-webm: 4f35f7cbe854078d1ac9338744f61a02 -> 
  custom:video-encoder-webm-vp8: eb34c28f22e8b96e1ab97ce403110664 -> 
  custom:video-codec-MediaFoundation-h265: 746d11721c4dcdbdad8f713fa42b33f4 -> 
  custom:audio-encoder-webm-vorbis: bf7c407c2cedff20999df2af8eb42d56 -> 
  custom:framework-win-MediaFoundation: 216162199b28c13a410421893ffa2e32 -> 
  custom:container-demuxer-ogg: 62fdf1f143b41e24485cea50d1cbac27 -> 
  custom:video-decoder-webm-vp8: 9c59270c3fd7afecdb556c50c9e8de78 -> 
  custom:audio-decoder-ogg-vorbis: bf7c407c2cedff20999df2af8eb42d56 -> 
========================================================================
Received Prepare
Registering precompiled user dll's ...
Registered in 0.006758 seconds.
Begin MonoManager ReloadAssembly
Native extension for WindowsStandalone target not found
Refreshing native plugins compatible for Editor in 0.87 ms, found 2 plugins.
Preloading 0 native plugins for Editor in 0.00 ms.
Mono: successfully reloaded assembly
- Completed reload, in  2.227 seconds
Domain Reload Profiling:
	ReloadAssembly (2228ms)
		BeginReloadAssembly (210ms)
			ExecutionOrderSort (0ms)
			DisableScriptedObjects (15ms)
			BackupInstance (0ms)
			ReleaseScriptingObjects (0ms)
			CreateAndSetChildDomain (64ms)
		EndReloadAssembly (1858ms)
			LoadAssemblies (128ms)
			RebuildTransferFunctionScriptingTraits (0ms)
			SetupTypeCache (462ms)
			ReleaseScriptCaches (5ms)
			RebuildScriptCaches (401ms)
			SetupLoadedEditorAssemblies (622ms)
				LogAssemblyErrors (0ms)
				InitializePlatformSupportModulesInManaged (17ms)
				SetLoadedEditorAssemblies (1ms)
				RefreshPlugins (1ms)
				BeforeProcessingInitializeOnLoad (101ms)
				ProcessInitializeOnLoadAttributes (366ms)
				ProcessInitializeOnLoadMethodAttributes (125ms)
				AfterProcessingInitializeOnLoad (10ms)
				EditorAssembliesLoaded (0ms)
			ExecutionOrderSort2 (0ms)
			AwakeInstancesAfterBackupRestoration (18ms)
Platform modules already initialized, skipping
Refreshing native plugins compatible for Editor in 3.84 ms, found 2 plugins.
Preloading 0 native plugins for Editor in 0.00 ms.
Unloading 3689 Unused Serialized files (Serialized files now loaded: 0)
Unloading 36 unused Assets / (2.0 MB). Loaded Objects now: 4537.
Memory consumption went from 173.4 MB to 171.4 MB.
Total: 12.420300 ms (FindLiveObjects: 0.608300 ms CreateObjectMapping: 0.394600 ms MarkObjects: 10.427900 ms  DeleteObjects: 0.986500 ms)

AssetImportParameters requested are different than current active one (requested -> active):
  custom:video-decoder-ogg-theora: a1e56fd34408186e4bbccfd4996cb3dc -> 
  custom:container-muxer-webm: aa71ff27fc2769a1b78a27578f13a17b -> 
  custom:container-demuxer-webm: 4f35f7cbe854078d1ac9338744f61a02 -> 
  custom:video-encoder-webm-vp8: eb34c28f22e8b96e1ab97ce403110664 -> 
  custom:video-codec-MediaFoundation-h265: 746d11721c4dcdbdad8f713fa42b33f4 -> 
  custom:audio-encoder-webm-vorbis: bf7c407c2cedff20999df2af8eb42d56 -> 
  custom:framework-win-MediaFoundation: 216162199b28c13a410421893ffa2e32 -> 
  custom:container-demuxer-ogg: 62fdf1f143b41e24485cea50d1cbac27 -> 
  custom:video-decoder-webm-vp8: 9c59270c3fd7afecdb556c50c9e8de78 -> 
  custom:audio-decoder-ogg-vorbis: bf7c407c2cedff20999df2af8eb42d56 -> 
========================================================================
Received Prepare
Registering precompiled user dll's ...
Registered in 0.007645 seconds.
Begin MonoManager ReloadAssembly
Native extension for WindowsStandalone target not found
Refreshing native plugins compatible for Editor in 2.82 ms, found 2 plugins.
Preloading 0 native plugins for Editor in 0.00 ms.
Mono: successfully reloaded assembly
- Completed reload, in  4.984 seconds
Domain Reload Profiling:
	ReloadAssembly (4985ms)
		BeginReloadAssembly (220ms)
			ExecutionOrderSort (0ms)
			DisableScriptedObjects (14ms)
			BackupInstance (0ms)
			ReleaseScriptingObjects (0ms)
			CreateAndSetChildDomain (64ms)
		EndReloadAssembly (4579ms)
			LoadAssemblies (132ms)
			RebuildTransferFunctionScriptingTraits (0ms)
			SetupTypeCache (421ms)
			ReleaseScriptCaches (3ms)
			RebuildScriptCaches (111ms)
			SetupLoadedEditorAssemblies (3407ms)
				LogAssemblyErrors (0ms)
				InitializePlatformSupportModulesInManaged (90ms)
				SetLoadedEditorAssemblies (3ms)
				RefreshPlugins (3ms)
				BeforeProcessingInitializeOnLoad (536ms)
				ProcessInitializeOnLoadAttributes (2239ms)
				ProcessInitializeOnLoadMethodAttributes (525ms)
				AfterProcessingInitializeOnLoad (11ms)
				EditorAssembliesLoaded (0ms)
			ExecutionOrderSort2 (0ms)
			AwakeInstancesAfterBackupRestoration (38ms)
Platform modules already initialized, skipping
Refreshing native plugins compatible for Editor in 4.09 ms, found 2 plugins.
Preloading 0 native plugins for Editor in 0.00 ms.
Unloading 3689 Unused Serialized files (Serialized files now loaded: 0)
Unloading 36 unused Assets / (2.0 MB). Loaded Objects now: 4552.
Memory consumption went from 173.4 MB to 171.4 MB.
Total: 8.267200 ms (FindLiveObjects: 0.559800 ms CreateObjectMapping: 0.553100 ms MarkObjects: 6.165000 ms  DeleteObjects: 0.987200 ms)

AssetImportParameters requested are different than current active one (requested -> active):
  custom:video-decoder-ogg-theora: a1e56fd34408186e4bbccfd4996cb3dc -> 
  custom:container-muxer-webm: aa71ff27fc2769a1b78a27578f13a17b -> 
  custom:container-demuxer-webm: 4f35f7cbe854078d1ac9338744f61a02 -> 
  custom:video-encoder-webm-vp8: eb34c28f22e8b96e1ab97ce403110664 -> 
  custom:video-codec-MediaFoundation-h265: 746d11721c4dcdbdad8f713fa42b33f4 -> 
  custom:audio-encoder-webm-vorbis: bf7c407c2cedff20999df2af8eb42d56 -> 
  custom:framework-win-MediaFoundation: 216162199b28c13a410421893ffa2e32 -> 
  custom:container-demuxer-ogg: 62fdf1f143b41e24485cea50d1cbac27 -> 
  custom:video-decoder-webm-vp8: 9c59270c3fd7afecdb556c50c9e8de78 -> 
  custom:audio-decoder-ogg-vorbis: bf7c407c2cedff20999df2af8eb42d56 -> 
========================================================================
Received Prepare
Registering precompiled user dll's ...
Registered in 0.007415 seconds.
Begin MonoManager ReloadAssembly
Native extension for WindowsStandalone target not found
Refreshing native plugins compatible for Editor in 1.39 ms, found 2 plugins.
Preloading 0 native plugins for Editor in 0.00 ms.
Mono: successfully reloaded assembly
- Completed reload, in  2.016 seconds
Domain Reload Profiling:
	ReloadAssembly (2017ms)
		BeginReloadAssembly (229ms)
			ExecutionOrderSort (0ms)
			DisableScriptedObjects (12ms)
			BackupInstance (0ms)
			ReleaseScriptingObjects (0ms)
			CreateAndSetChildDomain (61ms)
		EndReloadAssembly (1620ms)
			LoadAssemblies (158ms)
			RebuildTransferFunctionScriptingTraits (0ms)
			SetupTypeCache (443ms)
			ReleaseScriptCaches (2ms)
			RebuildScriptCaches (110ms)
			SetupLoadedEditorAssemblies (730ms)
				LogAssemblyErrors (0ms)
				InitializePlatformSupportModulesInManaged (23ms)
				SetLoadedEditorAssemblies (1ms)
				RefreshPlugins (1ms)
				BeforeProcessingInitializeOnLoad (115ms)
				ProcessInitializeOnLoadAttributes (449ms)
				ProcessInitializeOnLoadMethodAttributes (128ms)
				AfterProcessingInitializeOnLoad (12ms)
				EditorAssembliesLoaded (0ms)
			ExecutionOrderSort2 (0ms)
			AwakeInstancesAfterBackupRestoration (18ms)
Platform modules already initialized, skipping
Refreshing native plugins compatible for Editor in 3.71 ms, found 2 plugins.
Preloading 0 native plugins for Editor in 0.00 ms.
Unloading 3689 Unused Serialized files (Serialized files now loaded: 0)
Unloading 36 unused Assets / (2.0 MB). Loaded Objects now: 4567.
Memory consumption went from 173.4 MB to 171.5 MB.
Total: 8.993200 ms (FindLiveObjects: 0.653500 ms CreateObjectMapping: 0.554100 ms MarkObjects: 6.676000 ms  DeleteObjects: 1.107000 ms)

AssetImportParameters requested are different than current active one (requested -> active):
  custom:video-decoder-ogg-theora: a1e56fd34408186e4bbccfd4996cb3dc -> 
  custom:container-muxer-webm: aa71ff27fc2769a1b78a27578f13a17b -> 
  custom:container-demuxer-webm: 4f35f7cbe854078d1ac9338744f61a02 -> 
  custom:video-encoder-webm-vp8: eb34c28f22e8b96e1ab97ce403110664 -> 
  custom:video-codec-MediaFoundation-h265: 746d11721c4dcdbdad8f713fa42b33f4 -> 
  custom:audio-encoder-webm-vorbis: bf7c407c2cedff20999df2af8eb42d56 -> 
  custom:framework-win-MediaFoundation: 216162199b28c13a410421893ffa2e32 -> 
  custom:container-demuxer-ogg: 62fdf1f143b41e24485cea50d1cbac27 -> 
  custom:video-decoder-webm-vp8: 9c59270c3fd7afecdb556c50c9e8de78 -> 
  custom:audio-decoder-ogg-vorbis: bf7c407c2cedff20999df2af8eb42d56 -> 
========================================================================
Received Prepare
Registering precompiled user dll's ...
Registered in 0.005638 seconds.
Begin MonoManager ReloadAssembly
Native extension for WindowsStandalone target not found
Refreshing native plugins compatible for Editor in 11.30 ms, found 2 plugins.
Preloading 0 native plugins for Editor in 0.00 ms.
Mono: successfully reloaded assembly
- Completed reload, in  2.287 seconds
Domain Reload Profiling:
	ReloadAssembly (2288ms)
		BeginReloadAssembly (193ms)
			ExecutionOrderSort (0ms)
			DisableScriptedObjects (11ms)
			BackupInstance (0ms)
			ReleaseScriptingObjects (0ms)
			CreateAndSetChildDomain (49ms)
		EndReloadAssembly (1922ms)
			LoadAssemblies (139ms)
			RebuildTransferFunctionScriptingTraits (0ms)
			SetupTypeCache (452ms)
			ReleaseScriptCaches (4ms)
			RebuildScriptCaches (109ms)
			SetupLoadedEditorAssemblies (926ms)
				LogAssemblyErrors (0ms)
				InitializePlatformSupportModulesInManaged (131ms)
				SetLoadedEditorAssemblies (8ms)
				RefreshPlugins (11ms)
				BeforeProcessingInitializeOnLoad (234ms)
				ProcessInitializeOnLoadAttributes (406ms)
				ProcessInitializeOnLoadMethodAttributes (126ms)
				AfterProcessingInitializeOnLoad (10ms)
				EditorAssembliesLoaded (0ms)
			ExecutionOrderSort2 (0ms)
			AwakeInstancesAfterBackupRestoration (17ms)
Platform modules already initialized, skipping
Refreshing native plugins compatible for Editor in 3.63 ms, found 2 plugins.
Preloading 0 native plugins for Editor in 0.00 ms.
Unloading 3689 Unused Serialized files (Serialized files now loaded: 0)
Unloading 36 unused Assets / (2.0 MB). Loaded Objects now: 4582.
Memory consumption went from 173.4 MB to 171.5 MB.
Total: 8.504000 ms (FindLiveObjects: 0.804800 ms CreateObjectMapping: 0.559300 ms MarkObjects: 6.108600 ms  DeleteObjects: 1.029100 ms)

AssetImportParameters requested are different than current active one (requested -> active):
  custom:video-decoder-ogg-theora: a1e56fd34408186e4bbccfd4996cb3dc -> 
  custom:container-muxer-webm: aa71ff27fc2769a1b78a27578f13a17b -> 
  custom:container-demuxer-webm: 4f35f7cbe854078d1ac9338744f61a02 -> 
  custom:video-encoder-webm-vp8: eb34c28f22e8b96e1ab97ce403110664 -> 
  custom:video-codec-MediaFoundation-h265: 746d11721c4dcdbdad8f713fa42b33f4 -> 
  custom:audio-encoder-webm-vorbis: bf7c407c2cedff20999df2af8eb42d56 -> 
  custom:framework-win-MediaFoundation: 216162199b28c13a410421893ffa2e32 -> 
  custom:container-demuxer-ogg: 62fdf1f143b41e24485cea50d1cbac27 -> 
  custom:video-decoder-webm-vp8: 9c59270c3fd7afecdb556c50c9e8de78 -> 
  custom:audio-decoder-ogg-vorbis: bf7c407c2cedff20999df2af8eb42d56 -> 
========================================================================
Received Prepare
Registering precompiled user dll's ...
Registered in 0.005399 seconds.
Begin MonoManager ReloadAssembly
Native extension for WindowsStandalone target not found
Refreshing native plugins compatible for Editor in 1.35 ms, found 2 plugins.
Preloading 0 native plugins for Editor in 0.00 ms.
Mono: successfully reloaded assembly
- Completed reload, in  4.400 seconds
Domain Reload Profiling:
	ReloadAssembly (4402ms)
		BeginReloadAssembly (213ms)
			ExecutionOrderSort (0ms)
			DisableScriptedObjects (11ms)
			BackupInstance (0ms)
			ReleaseScriptingObjects (0ms)
			CreateAndSetChildDomain (60ms)
		EndReloadAssembly (3997ms)
			LoadAssemblies (143ms)
			RebuildTransferFunctionScriptingTraits (0ms)
			SetupTypeCache (441ms)
			ReleaseScriptCaches (3ms)
			RebuildScriptCaches (96ms)
			SetupLoadedEditorAssemblies (2763ms)
				LogAssemblyErrors (0ms)
				InitializePlatformSupportModulesInManaged (82ms)
				SetLoadedEditorAssemblies (8ms)
				RefreshPlugins (2ms)
				BeforeProcessingInitializeOnLoad (533ms)
				ProcessInitializeOnLoadAttributes (1685ms)
				ProcessInitializeOnLoadMethodAttributes (405ms)
				AfterProcessingInitializeOnLoad (47ms)
				EditorAssembliesLoaded (0ms)
			ExecutionOrderSort2 (0ms)
			AwakeInstancesAfterBackupRestoration (75ms)
Platform modules already initialized, skipping
Refreshing native plugins compatible for Editor in 3.92 ms, found 2 plugins.
Preloading 0 native plugins for Editor in 0.00 ms.
Unloading 3689 Unused Serialized files (Serialized files now loaded: 0)
Unloading 36 unused Assets / (2.0 MB). Loaded Objects now: 4597.
Memory consumption went from 173.4 MB to 171.5 MB.
Total: 13.813300 ms (FindLiveObjects: 1.350600 ms CreateObjectMapping: 0.612300 ms MarkObjects: 10.533100 ms  DeleteObjects: 1.311000 ms)

AssetImportParameters requested are different than current active one (requested -> active):
  custom:video-decoder-ogg-theora: a1e56fd34408186e4bbccfd4996cb3dc -> 
  custom:container-muxer-webm: aa71ff27fc2769a1b78a27578f13a17b -> 
  custom:container-demuxer-webm: 4f35f7cbe854078d1ac9338744f61a02 -> 
  custom:video-encoder-webm-vp8: eb34c28f22e8b96e1ab97ce403110664 -> 
  custom:video-codec-MediaFoundation-h265: 746d11721c4dcdbdad8f713fa42b33f4 -> 
  custom:audio-encoder-webm-vorbis: bf7c407c2cedff20999df2af8eb42d56 -> 
  custom:framework-win-MediaFoundation: 216162199b28c13a410421893ffa2e32 -> 
  custom:container-demuxer-ogg: 62fdf1f143b41e24485cea50d1cbac27 -> 
  custom:video-decoder-webm-vp8: 9c59270c3fd7afecdb556c50c9e8de78 -> 
  custom:audio-decoder-ogg-vorbis: bf7c407c2cedff20999df2af8eb42d56 -> 
========================================================================
Received Prepare
Registering precompiled user dll's ...
Registered in 0.008126 seconds.
Begin MonoManager ReloadAssembly
Native extension for WindowsStandalone target not found
Refreshing native plugins compatible for Editor in 1.72 ms, found 2 plugins.
Preloading 0 native plugins for Editor in 0.00 ms.
Mono: successfully reloaded assembly
- Completed reload, in  1.784 seconds
Domain Reload Profiling:
	ReloadAssembly (1785ms)
		BeginReloadAssembly (198ms)
			ExecutionOrderSort (0ms)
			DisableScriptedObjects (11ms)
			BackupInstance (0ms)
			ReleaseScriptingObjects (0ms)
			CreateAndSetChildDomain (54ms)
		EndReloadAssembly (1408ms)
			LoadAssemblies (128ms)
			RebuildTransferFunctionScriptingTraits (0ms)
			SetupTypeCache (417ms)
			ReleaseScriptCaches (2ms)
			RebuildScriptCaches (82ms)
			SetupLoadedEditorAssemblies (642ms)
				LogAssemblyErrors (0ms)
				InitializePlatformSupportModulesInManaged (32ms)
				SetLoadedEditorAssemblies (1ms)
				RefreshPlugins (2ms)
				BeforeProcessingInitializeOnLoad (103ms)
				ProcessInitializeOnLoadAttributes (372ms)
				ProcessInitializeOnLoadMethodAttributes (123ms)
				AfterProcessingInitializeOnLoad (10ms)
				EditorAssembliesLoaded (0ms)
			ExecutionOrderSort2 (0ms)
			AwakeInstancesAfterBackupRestoration (17ms)
Platform modules already initialized, skipping
Refreshing native plugins compatible for Editor in 3.69 ms, found 2 plugins.
Preloading 0 native plugins for Editor in 0.00 ms.
Unloading 3689 Unused Serialized files (Serialized files now loaded: 0)
Unloading 36 unused Assets / (2.0 MB). Loaded Objects now: 4612.
Memory consumption went from 173.5 MB to 171.6 MB.
Total: 23.881700 ms (FindLiveObjects: 0.675100 ms CreateObjectMapping: 0.772600 ms MarkObjects: 6.968600 ms  DeleteObjects: 15.463200 ms)

AssetImportParameters requested are different than current active one (requested -> active):
  custom:video-decoder-ogg-theora: a1e56fd34408186e4bbccfd4996cb3dc -> 
  custom:container-muxer-webm: aa71ff27fc2769a1b78a27578f13a17b -> 
  custom:container-demuxer-webm: 4f35f7cbe854078d1ac9338744f61a02 -> 
  custom:video-encoder-webm-vp8: eb34c28f22e8b96e1ab97ce403110664 -> 
  custom:video-codec-MediaFoundation-h265: 746d11721c4dcdbdad8f713fa42b33f4 -> 
  custom:audio-encoder-webm-vorbis: bf7c407c2cedff20999df2af8eb42d56 -> 
  custom:framework-win-MediaFoundation: 216162199b28c13a410421893ffa2e32 -> 
  custom:container-demuxer-ogg: 62fdf1f143b41e24485cea50d1cbac27 -> 
  custom:video-decoder-webm-vp8: 9c59270c3fd7afecdb556c50c9e8de78 -> 
  custom:audio-decoder-ogg-vorbis: bf7c407c2cedff20999df2af8eb42d56 -> 
