Using pre-set license
Built from '2020.3/release' branch; Version is '2020.3.12f1 (b3b2c6512326) revision 11776710'; Using compiler version '192528614'; Build Type 'Release'
OS: 'Windows 10 Pro; OS build 17763.379; Version 1809; 64bit' Language: 'en' Physical Memory: 3986 MB
BatchMode: 1, IsHumanControllingUs: 0, StartBugReporterOnCrash: 0, Is64bit: 1, IsPro: 0

 COMMAND LINE ARGUMENTS:
C:\Program Files\Unity\Hub\Editor\2020.3.12f1\Editor\Unity.exe
-adb2
-batchMode
-noUpm
-name
AssetImportWorker5
-projectPath
H:/SourceTreeRepo/Magnets/Magnets
-logFile
Logs/AssetImportWorker5.log
-srvPort
50298
Successfully changed project path to: H:/SourceTreeRepo/Magnets/Magnets
H:/SourceTreeRepo/Magnets/Magnets
Using Asset Import Pipeline V2.
Refreshing native plugins compatible for Editor in 73.37 ms, found 2 plugins.
Preloading 0 native plugins for Editor in 0.00 ms.
Initialize engine version: 2020.3.12f1 (b3b2c6512326)
[Subsystems] Discovering subsystems at path C:/Program Files/Unity/Hub/Editor/2020.3.12f1/Editor/Data/Resources/UnitySubsystems
[Subsystems] Discovering subsystems at path H:/SourceTreeRepo/Magnets/Magnets/Assets
GfxDevice: creating device client; threaded=0
Direct3D:
    Version:  Direct3D 11.0 [level 11.1]
    Renderer: AMD Radeon (TM) R5 M330 (ID=0x6660)
    Vendor:   
    VRAM:     2039 MB
    Driver:   26.20.15029.27017
Initialize mono
Mono path[0] = 'C:/Program Files/Unity/Hub/Editor/2020.3.12f1/Editor/Data/Managed'
Mono path[1] = 'C:/Program Files/Unity/Hub/Editor/2020.3.12f1/Editor/Data/MonoBleedingEdge/lib/mono/unityjit'
Mono config path = 'C:/Program Files/Unity/Hub/Editor/2020.3.12f1/Editor/Data/MonoBleedingEdge/etc'
Using monoOptions --debugger-agent=transport=dt_socket,embedding=1,server=y,suspend=n,address=127.0.0.1:56968
Begin MonoManager ReloadAssembly
Registering precompiled unity dll's ...
Register platform support module: C:/Program Files/Unity/Hub/Editor/2020.3.12f1/Editor/Data/PlaybackEngines/WebGLSupport/UnityEditor.WebGL.Extensions.dll
Register platform support module: C:/Program Files/Unity/Hub/Editor/2020.3.12f1/Editor/Data/PlaybackEngines/WindowsStandaloneSupport/UnityEditor.WindowsStandalone.Extensions.dll
Registered in 0.002937 seconds.
Native extension for WindowsStandalone target not found
Native extension for WebGL target not found
Refreshing native plugins compatible for Editor in 64.32 ms, found 2 plugins.
Preloading 0 native plugins for Editor in 0.00 ms.
Mono: successfully reloaded assembly
- Completed reload, in  1.721 seconds
Platform modules already initialized, skipping
Registering precompiled user dll's ...
Registered in 0.004222 seconds.
Begin MonoManager ReloadAssembly
Native extension for WindowsStandalone target not found
Native extension for WebGL target not found
Refreshing native plugins compatible for Editor in 66.61 ms, found 2 plugins.
Preloading 0 native plugins for Editor in 0.00 ms.
Mono: successfully reloaded assembly
- Completed reload, in  1.606 seconds
Platform modules already initialized, skipping
========================================================================
Worker process is ready to serve import requests
Shader 'Universal Render Pipeline/Particles/Lit': fallback shader 'Universal Render Pipeline/Particles/SimpleLit' not found
Shader 'Universal Render Pipeline/Particles/Lit': fallback shader 'Universal Render Pipeline/Particles/SimpleLit' not found
Launched and connected shader compiler UnityShaderCompiler.exe after 0.75 seconds
Refreshing native plugins compatible for Editor in 0.71 ms, found 2 plugins.
Preloading 0 native plugins for Editor in 0.00 ms.
Unloading 2640 Unused Serialized files (Serialized files now loaded: 0)
System memory in use before: 116.8 MB.
System memory in use after: 113.0 MB.

Unloading 70 unused Assets to reduce memory usage. Loaded Objects now: 3025.
Total: 5.816800 ms (FindLiveObjects: 0.357300 ms CreateObjectMapping: 0.154000 ms MarkObjects: 3.075300 ms  DeleteObjects: 2.228500 ms)

AssetImportParameters requested are different than current active one (requested -> active):
  custom:framework-win-MediaFoundation: 216162199b28c13a410421893ffa2e32 -> 
  custom:video-decoder-ogg-theora: a1e56fd34408186e4bbccfd4996cb3dc -> 
  custom:container-muxer-webm: aa71ff27fc2769a1b78a27578f13a17b -> 
  custom:container-demuxer-webm: 4f35f7cbe854078d1ac9338744f61a02 -> 
  custom:container-demuxer-ogg: 62fdf1f143b41e24485cea50d1cbac27 -> 
  custom:video-encoder-webm-vp8: eb34c28f22e8b96e1ab97ce403110664 -> 
  custom:video-codec-MediaFoundation-h265: 746d11721c4dcdbdad8f713fa42b33f4 -> 
  custom:video-decoder-webm-vp8: 9c59270c3fd7afecdb556c50c9e8de78 -> 
  custom:audio-decoder-ogg-vorbis: bf7c407c2cedff20999df2af8eb42d56 -> 
  custom:audio-encoder-webm-vorbis: bf7c407c2cedff20999df2af8eb42d56 -> 
========================================================================
Received Import Request.
  path: Assets/Settings/UniversalRenderPipelineAsset.asset
  artifactKey: Guid(7d2f37de84558fa49a12e6509048d41b) Importer(815301076,1909f56bfc062723c751e8b465ee728b)
Start importing Assets/Settings/UniversalRenderPipelineAsset.asset using Guid(7d2f37de84558fa49a12e6509048d41b) Importer(815301076,1909f56bfc062723c751e8b465ee728b)  -> (artifact id: 'aadf77285e5e54edf4eb7cccc5c196d3') in 1.268992 seconds 
  Import took 1.310051 seconds .

========================================================================
Received Import Request.
  Time since last request: 0.000349 seconds.
  path: Assets/Settings/UniversalRenderPipelineAsset_Renderer.asset
  artifactKey: Guid(e11722c4bd9b9ef499311211b17c800c) Importer(815301076,1909f56bfc062723c751e8b465ee728b)
Start importing Assets/Settings/UniversalRenderPipelineAsset_Renderer.asset using Guid(e11722c4bd9b9ef499311211b17c800c) Importer(815301076,1909f56bfc062723c751e8b465ee728b)  -> (artifact id: 'e9d43779b74d95c0a16fe09f5b1d77aa') in 0.046401 seconds 
  Import took 0.133323 seconds .

========================================================================
Received Import Request.
  Time since last request: 0.000368 seconds.
  path: Assets/Settings/New 2D Renderer Data.asset
  artifactKey: Guid(e61b031d30871bf42b57fbf3f1c6d418) Importer(815301076,1909f56bfc062723c751e8b465ee728b)
Start importing Assets/Settings/New 2D Renderer Data.asset using Guid(e61b031d30871bf42b57fbf3f1c6d418) Importer(815301076,1909f56bfc062723c751e8b465ee728b)  -> (artifact id: 'e7e0ec311a1b1fcfa473ed66c3f9ac4d') in 0.031843 seconds 
  Import took 0.074327 seconds .

========================================================================
Received Import Request.
  Time since last request: 61.918386 seconds.
  path: Assets/Settings
  artifactKey: Guid(0735c275001a2c84dafdb30deced5d8d) Importer(815301076,1909f56bfc062723c751e8b465ee728b)
Start importing Assets/Settings using Guid(0735c275001a2c84dafdb30deced5d8d) Importer(815301076,1909f56bfc062723c751e8b465ee728b)  -> (artifact id: 'cadd7ca10b5bf32e886eec457cf073a7') in 0.028350 seconds 
  Import took 0.049177 seconds .

========================================================================
Received Prepare
Switching render pipeline 00000000000000000000000000000000 -> 7d2f37de84558fa49a12e6509048d41b
Shader 'Universal Render Pipeline/Particles/Lit': fallback shader 'Universal Render Pipeline/Particles/SimpleLit' not found
Shader 'Universal Render Pipeline/Particles/Lit': fallback shader 'Universal Render Pipeline/Particles/SimpleLit' not found
Refreshing native plugins compatible for Editor in 258.25 ms, found 2 plugins.
Preloading 0 native plugins for Editor in 0.00 ms.
Unloading 111 Unused Serialized files (Serialized files now loaded: 0)
System memory in use before: 70.2 MB.
System memory in use after: 67.3 MB.

Unloading 48 unused Assets to reduce memory usage. Loaded Objects now: 3088.
Total: 7.050700 ms (FindLiveObjects: 0.355500 ms CreateObjectMapping: 0.173400 ms MarkObjects: 4.403400 ms  DeleteObjects: 2.116700 ms)

AssetImportParameters requested are different than current active one (requested -> active):
  custom:framework-win-MediaFoundation: 216162199b28c13a410421893ffa2e32 -> 
  custom:video-decoder-ogg-theora: a1e56fd34408186e4bbccfd4996cb3dc -> 
  custom:container-muxer-webm: aa71ff27fc2769a1b78a27578f13a17b -> 
  custom:container-demuxer-webm: 4f35f7cbe854078d1ac9338744f61a02 -> 
  custom:container-demuxer-ogg: 62fdf1f143b41e24485cea50d1cbac27 -> 
  custom:video-encoder-webm-vp8: eb34c28f22e8b96e1ab97ce403110664 -> 
  custom:video-codec-MediaFoundation-h265: 746d11721c4dcdbdad8f713fa42b33f4 -> 
  custom:video-decoder-webm-vp8: 9c59270c3fd7afecdb556c50c9e8de78 -> 
  custom:audio-decoder-ogg-vorbis: bf7c407c2cedff20999df2af8eb42d56 -> 
  custom:audio-encoder-webm-vorbis: bf7c407c2cedff20999df2af8eb42d56 -> 
========================================================================
Received Import Request.
  Time since last request: 62.527703 seconds.
  path: Assets/RedBall1.png
  artifactKey: Guid(1c38532d0420c194cbcec357e3184c50) Importer(815301076,1909f56bfc062723c751e8b465ee728b)
Start importing Assets/RedBall1.png using Guid(1c38532d0420c194cbcec357e3184c50) Importer(815301076,1909f56bfc062723c751e8b465ee728b)  -> (artifact id: '7c3170077aed351bb87dd19546b54ed2') in 0.450051 seconds 
  Import took 0.459904 seconds .

========================================================================
Received Import Request.
  Time since last request: 112.990730 seconds.
  path: Assets/Settings/UniversalRenderPipelineAsset_Renderer.asset
  artifactKey: Guid(e11722c4bd9b9ef499311211b17c800c) Importer(815301076,1909f56bfc062723c751e8b465ee728b)
Start importing Assets/Settings/UniversalRenderPipelineAsset_Renderer.asset using Guid(e11722c4bd9b9ef499311211b17c800c) Importer(815301076,1909f56bfc062723c751e8b465ee728b)  -> (artifact id: 'b3bcc1142e98efbb6978b0f98e76ae51') in 0.004183 seconds 
  Import took 0.074415 seconds .

========================================================================
Received Import Request.
  Time since last request: 48.828327 seconds.
  path: Assets/j8YNw4.png
  artifactKey: Guid(5263b7d80273aab4c8410cbadf418b92) Importer(815301076,1909f56bfc062723c751e8b465ee728b)
Start importing Assets/j8YNw4.png using Guid(5263b7d80273aab4c8410cbadf418b92) Importer(815301076,1909f56bfc062723c751e8b465ee728b)  -> (artifact id: '5114c8d4f168463bbf0c2b5519b1a857') in 0.056335 seconds 
  Import took 0.080519 seconds .

========================================================================
Received Import Request.
  Time since last request: 6.938427 seconds.
  path: Assets
  artifactKey: Guid(00000000000000001000000000000000) Importer(815301076,1909f56bfc062723c751e8b465ee728b)
Start importing Assets using Guid(00000000000000001000000000000000) Importer(815301076,1909f56bfc062723c751e8b465ee728b)  -> (artifact id: '42d402b061de3733987d63b9cc3b64de') in 0.098390 seconds 
  Import took 0.225173 seconds .

========================================================================
Received Import Request.
  Time since last request: 180.132680 seconds.
  path: Assets/Settings/UniversalRenderPipelineAsset.asset
  artifactKey: Guid(7d2f37de84558fa49a12e6509048d41b) Importer(815301076,1909f56bfc062723c751e8b465ee728b)
Start importing Assets/Settings/UniversalRenderPipelineAsset.asset using Guid(7d2f37de84558fa49a12e6509048d41b) Importer(815301076,1909f56bfc062723c751e8b465ee728b)  -> (artifact id: '5c38fda2e09ac2f76c12ef293a0f5dd9') in 0.193322 seconds 
  Import took 0.248830 seconds .

========================================================================
Received Import Request.
  Time since last request: 17.878132 seconds.
  path: Assets/Settings/New 2D Renderer Data.asset
  artifactKey: Guid(e61b031d30871bf42b57fbf3f1c6d418) Importer(815301076,1909f56bfc062723c751e8b465ee728b)
Start importing Assets/Settings/New 2D Renderer Data.asset using Guid(e61b031d30871bf42b57fbf3f1c6d418) Importer(815301076,1909f56bfc062723c751e8b465ee728b)  -> (artifact id: 'e902a3c1f2c148ffab851e421121addd') in 0.332646 seconds 
  Import took 0.347807 seconds .

========================================================================
Received Prepare
Shader 'Universal Render Pipeline/Particles/Lit': fallback shader 'Universal Render Pipeline/Particles/SimpleLit' not found
Shader 'Universal Render Pipeline/Particles/Lit': fallback shader 'Universal Render Pipeline/Particles/SimpleLit' not found
Refreshing native plugins compatible for Editor in 283.42 ms, found 2 plugins.
Preloading 0 native plugins for Editor in 0.00 ms.
Unloading 52 Unused Serialized files (Serialized files now loaded: 0)
System memory in use before: 70.4 MB.
System memory in use after: 67.9 MB.

Unloading 41 unused Assets to reduce memory usage. Loaded Objects now: 3107.
Total: 9.858000 ms (FindLiveObjects: 0.792500 ms CreateObjectMapping: 0.374800 ms MarkObjects: 5.957200 ms  DeleteObjects: 2.730700 ms)

AssetImportParameters requested are different than current active one (requested -> active):
  custom:framework-win-MediaFoundation: 216162199b28c13a410421893ffa2e32 -> 
  custom:video-decoder-ogg-theora: a1e56fd34408186e4bbccfd4996cb3dc -> 
  custom:container-muxer-webm: aa71ff27fc2769a1b78a27578f13a17b -> 
  custom:container-demuxer-webm: 4f35f7cbe854078d1ac9338744f61a02 -> 
  custom:container-demuxer-ogg: 62fdf1f143b41e24485cea50d1cbac27 -> 
  custom:video-encoder-webm-vp8: eb34c28f22e8b96e1ab97ce403110664 -> 
  custom:video-codec-MediaFoundation-h265: 746d11721c4dcdbdad8f713fa42b33f4 -> 
  custom:video-decoder-webm-vp8: 9c59270c3fd7afecdb556c50c9e8de78 -> 
  custom:audio-decoder-ogg-vorbis: bf7c407c2cedff20999df2af8eb42d56 -> 
  custom:audio-encoder-webm-vorbis: bf7c407c2cedff20999df2af8eb42d56 -> 
========================================================================
Received Import Request.
  Time since last request: 152.823446 seconds.
  path: Assets/Settings/New 2D Renderer Data.asset
  artifactKey: Guid(e61b031d30871bf42b57fbf3f1c6d418) Importer(815301076,1909f56bfc062723c751e8b465ee728b)
Start importing Assets/Settings/New 2D Renderer Data.asset using Guid(e61b031d30871bf42b57fbf3f1c6d418) Importer(815301076,1909f56bfc062723c751e8b465ee728b)  -> (artifact id: 'cb1f52bed5715c5e4ae82c3b040caa6f') in 0.005183 seconds 
  Import took 0.015144 seconds .

========================================================================
Received Import Request.
  Time since last request: 0.000296 seconds.
  path: Assets/Settings/UniversalRenderPipelineAsset.asset
  artifactKey: Guid(7d2f37de84558fa49a12e6509048d41b) Importer(815301076,1909f56bfc062723c751e8b465ee728b)
Start importing Assets/Settings/UniversalRenderPipelineAsset.asset using Guid(7d2f37de84558fa49a12e6509048d41b) Importer(815301076,1909f56bfc062723c751e8b465ee728b)  -> (artifact id: 'b1585d71721c826f736af976883bb6c9') in 0.003892 seconds 
  Import took 0.040901 seconds .

========================================================================
Received Prepare
Shader 'Universal Render Pipeline/Particles/Lit': fallback shader 'Universal Render Pipeline/Particles/SimpleLit' not found
Shader 'Universal Render Pipeline/Particles/Lit': fallback shader 'Universal Render Pipeline/Particles/SimpleLit' not found
Refreshing native plugins compatible for Editor in 5.08 ms, found 2 plugins.
Preloading 0 native plugins for Editor in 0.00 ms.
Unloading 41 Unused Serialized files (Serialized files now loaded: 0)
System memory in use before: 69.7 MB.
System memory in use after: 67.1 MB.

Unloading 41 unused Assets to reduce memory usage. Loaded Objects now: 3107.
Total: 8.752000 ms (FindLiveObjects: 0.498900 ms CreateObjectMapping: 0.229500 ms MarkObjects: 6.055600 ms  DeleteObjects: 1.965000 ms)

AssetImportParameters requested are different than current active one (requested -> active):
  custom:framework-win-MediaFoundation: 216162199b28c13a410421893ffa2e32 -> 
  custom:video-decoder-ogg-theora: a1e56fd34408186e4bbccfd4996cb3dc -> 
  custom:container-muxer-webm: aa71ff27fc2769a1b78a27578f13a17b -> 
  custom:container-demuxer-webm: 4f35f7cbe854078d1ac9338744f61a02 -> 
  custom:container-demuxer-ogg: 62fdf1f143b41e24485cea50d1cbac27 -> 
  custom:video-encoder-webm-vp8: eb34c28f22e8b96e1ab97ce403110664 -> 
  custom:video-codec-MediaFoundation-h265: 746d11721c4dcdbdad8f713fa42b33f4 -> 
  custom:video-decoder-webm-vp8: 9c59270c3fd7afecdb556c50c9e8de78 -> 
  custom:audio-decoder-ogg-vorbis: bf7c407c2cedff20999df2af8eb42d56 -> 
  custom:audio-encoder-webm-vorbis: bf7c407c2cedff20999df2af8eb42d56 -> 
========================================================================
Received Prepare
Shader 'Universal Render Pipeline/Particles/Lit': fallback shader 'Universal Render Pipeline/Particles/SimpleLit' not found
Shader 'Universal Render Pipeline/Particles/Lit': fallback shader 'Universal Render Pipeline/Particles/SimpleLit' not found
Refreshing native plugins compatible for Editor in 5.06 ms, found 2 plugins.
Preloading 0 native plugins for Editor in 0.00 ms.
Unloading 43 Unused Serialized files (Serialized files now loaded: 0)
System memory in use before: 69.7 MB.
System memory in use after: 67.2 MB.

Unloading 41 unused Assets to reduce memory usage. Loaded Objects now: 3109.
Total: 8.857800 ms (FindLiveObjects: 0.628400 ms CreateObjectMapping: 0.316800 ms MarkObjects: 5.120800 ms  DeleteObjects: 2.788900 ms)

AssetImportParameters requested are different than current active one (requested -> active):
  custom:framework-win-MediaFoundation: 216162199b28c13a410421893ffa2e32 -> 
  custom:video-decoder-ogg-theora: a1e56fd34408186e4bbccfd4996cb3dc -> 
  custom:container-muxer-webm: aa71ff27fc2769a1b78a27578f13a17b -> 
  custom:container-demuxer-webm: 4f35f7cbe854078d1ac9338744f61a02 -> 
  custom:container-demuxer-ogg: 62fdf1f143b41e24485cea50d1cbac27 -> 
  custom:video-encoder-webm-vp8: eb34c28f22e8b96e1ab97ce403110664 -> 
  custom:video-codec-MediaFoundation-h265: 746d11721c4dcdbdad8f713fa42b33f4 -> 
  custom:video-decoder-webm-vp8: 9c59270c3fd7afecdb556c50c9e8de78 -> 
  custom:audio-decoder-ogg-vorbis: bf7c407c2cedff20999df2af8eb42d56 -> 
  custom:audio-encoder-webm-vorbis: bf7c407c2cedff20999df2af8eb42d56 -> 
========================================================================
Received Import Request.
  Time since last request: 370.758046 seconds.
  path: Assets/Settings/UniversalRenderPipelineAsset_Renderer.asset
  artifactKey: Guid(e11722c4bd9b9ef499311211b17c800c) Importer(815301076,1909f56bfc062723c751e8b465ee728b)
Start importing Assets/Settings/UniversalRenderPipelineAsset_Renderer.asset using Guid(e11722c4bd9b9ef499311211b17c800c) Importer(815301076,1909f56bfc062723c751e8b465ee728b)  -> (artifact id: 'a3cea215a062f211c87b2d53f51cef87') in 0.007754 seconds 
  Import took 0.113272 seconds .

========================================================================
Received Prepare
Switching render pipeline 7d2f37de84558fa49a12e6509048d41b -> 00000000000000000000000000000000
Shader 'Universal Render Pipeline/Particles/Lit': fallback shader 'Universal Render Pipeline/Particles/SimpleLit' not found
Shader 'Universal Render Pipeline/Particles/Lit': fallback shader 'Universal Render Pipeline/Particles/SimpleLit' not found
Refreshing native plugins compatible for Editor in 5.45 ms, found 2 plugins.
Preloading 0 native plugins for Editor in 0.00 ms.
Unloading 41 Unused Serialized files (Serialized files now loaded: 0)
System memory in use before: 69.6 MB.
System memory in use after: 67.1 MB.

Unloading 41 unused Assets to reduce memory usage. Loaded Objects now: 3109.
Total: 8.627300 ms (FindLiveObjects: 0.449000 ms CreateObjectMapping: 0.221600 ms MarkObjects: 5.469800 ms  DeleteObjects: 2.484500 ms)

AssetImportParameters requested are different than current active one (requested -> active):
  custom:framework-win-MediaFoundation: 216162199b28c13a410421893ffa2e32 -> 
  custom:video-decoder-ogg-theora: a1e56fd34408186e4bbccfd4996cb3dc -> 
  custom:container-muxer-webm: aa71ff27fc2769a1b78a27578f13a17b -> 
  custom:container-demuxer-webm: 4f35f7cbe854078d1ac9338744f61a02 -> 
  custom:container-demuxer-ogg: 62fdf1f143b41e24485cea50d1cbac27 -> 
  custom:video-encoder-webm-vp8: eb34c28f22e8b96e1ab97ce403110664 -> 
  custom:video-codec-MediaFoundation-h265: 746d11721c4dcdbdad8f713fa42b33f4 -> 
  custom:video-decoder-webm-vp8: 9c59270c3fd7afecdb556c50c9e8de78 -> 
  custom:audio-decoder-ogg-vorbis: bf7c407c2cedff20999df2af8eb42d56 -> 
  custom:audio-encoder-webm-vorbis: bf7c407c2cedff20999df2af8eb42d56 -> 
========================================================================
Received Prepare
Shader 'Universal Render Pipeline/Particles/Lit': fallback shader 'Universal Render Pipeline/Particles/SimpleLit' not found
Shader 'Universal Render Pipeline/Particles/Lit': fallback shader 'Universal Render Pipeline/Particles/SimpleLit' not found
Refreshing native plugins compatible for Editor in 5.40 ms, found 2 plugins.
Preloading 0 native plugins for Editor in 0.00 ms.
Unloading 41 Unused Serialized files (Serialized files now loaded: 0)
System memory in use before: 69.7 MB.
System memory in use after: 67.1 MB.

Unloading 41 unused Assets to reduce memory usage. Loaded Objects now: 3109.
Total: 8.541500 ms (FindLiveObjects: 0.615600 ms CreateObjectMapping: 0.281600 ms MarkObjects: 4.779900 ms  DeleteObjects: 2.861900 ms)

AssetImportParameters requested are different than current active one (requested -> active):
  custom:framework-win-MediaFoundation: 216162199b28c13a410421893ffa2e32 -> 
  custom:video-decoder-ogg-theora: a1e56fd34408186e4bbccfd4996cb3dc -> 
  custom:container-muxer-webm: aa71ff27fc2769a1b78a27578f13a17b -> 
  custom:container-demuxer-webm: 4f35f7cbe854078d1ac9338744f61a02 -> 
  custom:container-demuxer-ogg: 62fdf1f143b41e24485cea50d1cbac27 -> 
  custom:video-encoder-webm-vp8: eb34c28f22e8b96e1ab97ce403110664 -> 
  custom:video-codec-MediaFoundation-h265: 746d11721c4dcdbdad8f713fa42b33f4 -> 
  custom:video-decoder-webm-vp8: 9c59270c3fd7afecdb556c50c9e8de78 -> 
  custom:audio-decoder-ogg-vorbis: bf7c407c2cedff20999df2af8eb42d56 -> 
  custom:audio-encoder-webm-vorbis: bf7c407c2cedff20999df2af8eb42d56 -> 
========================================================================
Received Prepare
Shader 'Universal Render Pipeline/Particles/Lit': fallback shader 'Universal Render Pipeline/Particles/SimpleLit' not found
Shader 'Universal Render Pipeline/Particles/Lit': fallback shader 'Universal Render Pipeline/Particles/SimpleLit' not found
Refreshing native plugins compatible for Editor in 5.42 ms, found 2 plugins.
Preloading 0 native plugins for Editor in 0.00 ms.
Unloading 41 Unused Serialized files (Serialized files now loaded: 0)
System memory in use before: 69.6 MB.
System memory in use after: 67.1 MB.

Unloading 41 unused Assets to reduce memory usage. Loaded Objects now: 3109.
Total: 10.158500 ms (FindLiveObjects: 0.659400 ms CreateObjectMapping: 0.363200 ms MarkObjects: 6.076700 ms  DeleteObjects: 3.056400 ms)

AssetImportParameters requested are different than current active one (requested -> active):
  custom:framework-win-MediaFoundation: 216162199b28c13a410421893ffa2e32 -> 
  custom:video-decoder-ogg-theora: a1e56fd34408186e4bbccfd4996cb3dc -> 
  custom:container-muxer-webm: aa71ff27fc2769a1b78a27578f13a17b -> 
  custom:container-demuxer-webm: 4f35f7cbe854078d1ac9338744f61a02 -> 
  custom:container-demuxer-ogg: 62fdf1f143b41e24485cea50d1cbac27 -> 
  custom:srp/default-shader: 0000e00a000e0de00000e000e02d0000 -> 0000e00a000e0de00000e000e0000000
  custom:video-encoder-webm-vp8: eb34c28f22e8b96e1ab97ce403110664 -> 
  custom:video-codec-MediaFoundation-h265: 746d11721c4dcdbdad8f713fa42b33f4 -> 
  custom:video-decoder-webm-vp8: 9c59270c3fd7afecdb556c50c9e8de78 -> 
  custom:audio-decoder-ogg-vorbis: bf7c407c2cedff20999df2af8eb42d56 -> 
  custom:audio-encoder-webm-vorbis: bf7c407c2cedff20999df2af8eb42d56 -> 
========================================================================
Received Import Request.
  Time since last request: 302.329818 seconds.
  path: Assets/j8YNw4 1.png
  artifactKey: Guid(4ce22508b073fae49a3b3b33d0ba4c56) Importer(815301076,1909f56bfc062723c751e8b465ee728b)
Start importing Assets/j8YNw4 1.png using Guid(4ce22508b073fae49a3b3b33d0ba4c56) Importer(815301076,1909f56bfc062723c751e8b465ee728b)  -> (artifact id: '1fc6d5f005b709c4dd628aff99c31426') in 0.372277 seconds 
  Import took 0.456446 seconds .

========================================================================
Received Import Request.
  Time since last request: 0.000364 seconds.
  path: Assets/j8YNw4 2.png
  artifactKey: Guid(2447428eb836b984fafb31c6a4345890) Importer(815301076,1909f56bfc062723c751e8b465ee728b)
Start importing Assets/j8YNw4 2.png using Guid(2447428eb836b984fafb31c6a4345890) Importer(815301076,1909f56bfc062723c751e8b465ee728b)  -> (artifact id: '98456df2e3d32b56c8e431b81b3f9d5b') in 0.041394 seconds 
  Import took 0.212157 seconds .

